Using pre-set license
Built from '2022.3/staging' branch; Version is '2022.3.53f1 (df4e529d20d3) revision 14634578'; Using compiler version '192829333'; Build Type 'Release'
OS: 'Windows 11  (10.0.22631) 64bit Core' Language: 'zh' Physical Memory: 16022 MB
BatchMode: 1, IsHumanControllingUs: 0, StartBugReporterOnCrash: 0, Is64bit: 1, IsPro: 1

COMMAND LINE ARGUMENTS:
D:\搴\Unity\2022.3.53f1\Editor\Unity.exe
-adb2
-batchMode
-noUpm
-name
AssetImportWorker1
-projectPath
C:/Users/22006/AppData/Local/Temp/8d596eb62cd60874a9b85612d0939b73
-logFile
Logs/AssetImportWorker1.log
-srvPort
63806
Successfully changed project path to: C:/Users/22006/AppData/Local/Temp/8d596eb62cd60874a9b85612d0939b73
C:/Users/22006/AppData/Local/Temp/8d596eb62cd60874a9b85612d0939b73
[UnityMemory] Configuration Parameters - Can be set up in boot.config
    "memorysetup-bucket-allocator-granularity=16"
    "memorysetup-bucket-allocator-bucket-count=8"
    "memorysetup-bucket-allocator-block-size=33554432"
    "memorysetup-bucket-allocator-block-count=8"
    "memorysetup-main-allocator-block-size=16777216"
    "memorysetup-thread-allocator-block-size=16777216"
    "memorysetup-gfx-main-allocator-block-size=16777216"
    "memorysetup-gfx-thread-allocator-block-size=16777216"
    "memorysetup-cache-allocator-block-size=4194304"
    "memorysetup-typetree-allocator-block-size=2097152"
    "memorysetup-profiler-bucket-allocator-granularity=16"
    "memorysetup-profiler-bucket-allocator-bucket-count=8"
    "memorysetup-profiler-bucket-allocator-block-size=33554432"
    "memorysetup-profiler-bucket-allocator-block-count=8"
    "memorysetup-profiler-allocator-block-size=16777216"
    "memorysetup-profiler-editor-allocator-block-size=1048576"
    "memorysetup-temp-allocator-size-main=16777216"
    "memorysetup-job-temp-allocator-block-size=2097152"
    "memorysetup-job-temp-allocator-block-size-background=1048576"
    "memorysetup-job-temp-allocator-reduction-small-platforms=262144"
    "memorysetup-allocator-temp-initial-block-size-main=262144"
    "memorysetup-allocator-temp-initial-block-size-worker=262144"
    "memorysetup-temp-allocator-size-background-worker=32768"
    "memorysetup-temp-allocator-size-job-worker=262144"
    "memorysetup-temp-allocator-size-preload-manager=33554432"
    "memorysetup-temp-allocator-size-nav-mesh-worker=65536"
    "memorysetup-temp-allocator-size-audio-worker=65536"
    "memorysetup-temp-allocator-size-cloud-worker=32768"
    "memorysetup-temp-allocator-size-gi-baking-worker=262144"
    "memorysetup-temp-allocator-size-gfx=262144"
Player connection [20012]  Target information:

Player connection [20012]  * "[IP] 192.168.0.103 [Port] 0 [Flags] 2 [Guid] 1471254178 [EditorId] 1471254178 [Version] 1048832 [Id] WindowsEditor(7,天与月台式2) [Debug] 1 [PackageName] WindowsEditor [ProjectName] Editor" 

Player connection [20012]  * "[IP] 26.26.26.1 [Port] 0 [Flags] 2 [Guid] 1471254178 [EditorId] 1471254178 [Version] 1048832 [Id] WindowsEditor(7,天与月台式2) [Debug] 1 [PackageName] WindowsEditor [ProjectName] Editor" 

Player connection [20012] Host joined multi-casting on [225.0.0.222:54997]...
Player connection [20012] Host joined alternative multi-casting on [225.0.0.222:34997]...
[PhysX] Initialized MultithreadedTaskDispatcher with 28 workers.
Refreshing native plugins compatible for Editor in 0.00 ms, found 0 plugins.
Preloading 0 native plugins for Editor in 0.00 ms.
Initialize engine version: 2022.3.53f1 (df4e529d20d3)
[Subsystems] Discovering subsystems at path D:/搴/Unity/2022.3.53f1/Editor/Data/Resources/UnitySubsystems
[Subsystems] Discovering subsystems at path C:/Users/22006/AppData/Local/Temp/8d596eb62cd60874a9b85612d0939b73/Assets
GfxDevice: creating device client; threaded=0; jobified=0
Direct3D:
    Version:  Direct3D 11.0 [level 11.1]
    Renderer: NVIDIA GeForce RTX 4070 (ID=0x2786)
    Vendor:   NVIDIA
    VRAM:     12012 MB
    Driver:   32.0.15.6109
Initialize mono
Mono path[0] = 'D:/搴/Unity/2022.3.53f1/Editor/Data/Managed'
Mono path[1] = 'D:/搴/Unity/2022.3.53f1/Editor/Data/MonoBleedingEdge/lib/mono/unityjit-win32'
Mono config path = 'D:/搴/Unity/2022.3.53f1/Editor/Data/MonoBleedingEdge/etc'
Using monoOptions --debugger-agent=transport=dt_socket,embedding=1,server=y,suspend=n,address=127.0.0.1:56936
Begin MonoManager ReloadAssembly
Registering precompiled unity dll's ...
Register platform support module: D:/搴/Unity/2022.3.53f1/Editor/Data/PlaybackEngines/WindowsStandaloneSupport/UnityEditor.WindowsStandalone.Extensions.dll
Registered in 0.001579 seconds.
- Loaded All Assemblies, in  0.222 seconds
Native extension for WindowsStandalone target not found
Mono: successfully reloaded assembly
- Finished resetting the current domain, in  0.182 seconds
Domain Reload Profiling: 404ms
	BeginReloadAssembly (64ms)
		ExecutionOrderSort (0ms)
		DisableScriptedObjects (0ms)
		BackupInstance (0ms)
		ReleaseScriptingObjects (0ms)
		CreateAndSetChildDomain (0ms)
	RebuildCommonClasses (23ms)
	RebuildNativeTypeToScriptingClass (6ms)
	initialDomainReloadingComplete (34ms)
	LoadAllAssembliesAndSetupDomain (94ms)
		LoadAssemblies (64ms)
		RebuildTransferFunctionScriptingTraits (0ms)
		AnalyzeDomain (92ms)
			TypeCache.Refresh (92ms)
				TypeCache.ScanAssembly (82ms)
			ScanForSourceGeneratedMonoScriptInfo (0ms)
			ResolveRequiredComponents (0ms)
	FinalizeReload (182ms)
		ReleaseScriptCaches (0ms)
		RebuildScriptCaches (0ms)
		SetupLoadedEditorAssemblies (150ms)
			LogAssemblyErrors (0ms)
			InitializePlatformSupportModulesInManaged (5ms)
			SetLoadedEditorAssemblies (5ms)
			RefreshPlugins (0ms)
			BeforeProcessingInitializeOnLoad (1ms)
			ProcessInitializeOnLoadAttributes (104ms)
			ProcessInitializeOnLoadMethodAttributes (34ms)
			AfterProcessingInitializeOnLoad (0ms)
			EditorAssembliesLoaded (0ms)
		ExecutionOrderSort2 (0ms)
		AwakeInstancesAfterBackupRestoration (0ms)
========================================================================
Worker process is ready to serve import requests
Caller must complete domain reload
Begin MonoManager ReloadAssembly
- Loaded All Assemblies, in  0.138 seconds
Native extension for WindowsStandalone target not found
Mono: successfully reloaded assembly
- Finished resetting the current domain, in  0.210 seconds
Domain Reload Profiling: 349ms
	BeginReloadAssembly (94ms)
		ExecutionOrderSort (0ms)
		DisableScriptedObjects (3ms)
		BackupInstance (0ms)
		ReleaseScriptingObjects (0ms)
		CreateAndSetChildDomain (14ms)
	RebuildCommonClasses (21ms)
	RebuildNativeTypeToScriptingClass (7ms)
	initialDomainReloadingComplete (12ms)
	LoadAllAssembliesAndSetupDomain (4ms)
		LoadAssemblies (56ms)
		RebuildTransferFunctionScriptingTraits (0ms)
		AnalyzeDomain (3ms)
			TypeCache.Refresh (2ms)
				TypeCache.ScanAssembly (0ms)
			ScanForSourceGeneratedMonoScriptInfo (0ms)
			ResolveRequiredComponents (0ms)
	FinalizeReload (211ms)
		ReleaseScriptCaches (0ms)
		RebuildScriptCaches (0ms)
		SetupLoadedEditorAssemblies (134ms)
			LogAssemblyErrors (0ms)
			InitializePlatformSupportModulesInManaged (4ms)
			SetLoadedEditorAssemblies (4ms)
			RefreshPlugins (0ms)
			BeforeProcessingInitializeOnLoad (16ms)
			ProcessInitializeOnLoadAttributes (96ms)
			ProcessInitializeOnLoadMethodAttributes (13ms)
			AfterProcessingInitializeOnLoad (1ms)
			EditorAssembliesLoaded (0ms)
		ExecutionOrderSort2 (0ms)
		AwakeInstancesAfterBackupRestoration (4ms)
Launched and connected shader compiler UnityShaderCompiler.exe after 0.09 seconds
Refreshing native plugins compatible for Editor in 0.00 ms, found 0 plugins.
Preloading 0 native plugins for Editor in 0.00 ms.
Unloading 106 Unused Serialized files (Serialized files now loaded: 0)
Unloading 3 unused Assets / (48.9 KB). Loaded Objects now: 582.
Memory consumption went from 51.8 MB to 51.8 MB.
Total: 1.413300 ms (FindLiveObjects: 0.029000 ms CreateObjectMapping: 0.004000 ms MarkObjects: 1.336000 ms  DeleteObjects: 0.043700 ms)

AssetImportParameters requested are different than current active one (requested -> active):
  custom:video-decoder-ogg-theora: a1e56fd34408186e4bbccfd4996cb3dc -> 
  custom:container-muxer-webm: aa71ff27fc2769a1b78a27578f13a17b -> 
  custom:container-demuxer-webm: 4f35f7cbe854078d1ac9338744f61a02 -> 
  custom:video-encoder-webm-vp8: eb34c28f22e8b96e1ab97ce403110664 -> 
  custom:video-codec-MediaFoundation-h265: 746d11721c4dcdbdad8f713fa42b33f4 -> 
  custom:CustomObjectIndexerAttribute: 9a22284fe3817be447336de3de66b15e -> 
  custom:audio-encoder-webm-vorbis: bf7c407c2cedff20999df2af8eb42d56 -> 
  custom:framework-win-MediaFoundation: 216162199b28c13a410421893ffa2e32 -> 
  custom:SearchIndexIgnoredProperties: e643bd26f0fe6173181afceb89e7c659 -> 
  custom:container-demuxer-ogg: 62fdf1f143b41e24485cea50d1cbac27 -> 
  custom:video-decoder-webm-vp8: 9c59270c3fd7afecdb556c50c9e8de78 -> 
  custom:audio-decoder-ogg-vorbis: bf7c407c2cedff20999df2af8eb42d56 -> 
  custom:AudioImporter_EditorPlatform: d09bf68614088b80899f8185d706f6e7 -> 
========================================================================
Received Prepare
Caller must complete domain reload
Begin MonoManager ReloadAssembly
- Loaded All Assemblies, in  0.137 seconds
Native extension for WindowsStandalone target not found
Mono: successfully reloaded assembly
- Finished resetting the current domain, in  0.211 seconds
Domain Reload Profiling: 348ms
	BeginReloadAssembly (88ms)
		ExecutionOrderSort (0ms)
		DisableScriptedObjects (3ms)
		BackupInstance (0ms)
		ReleaseScriptingObjects (0ms)
		CreateAndSetChildDomain (11ms)
	RebuildCommonClasses (21ms)
	RebuildNativeTypeToScriptingClass (7ms)
	initialDomainReloadingComplete (13ms)
	LoadAllAssembliesAndSetupDomain (7ms)
		LoadAssemblies (54ms)
		RebuildTransferFunctionScriptingTraits (0ms)
		AnalyzeDomain (6ms)
			TypeCache.Refresh (4ms)
				TypeCache.ScanAssembly (1ms)
			ScanForSourceGeneratedMonoScriptInfo (1ms)
			ResolveRequiredComponents (1ms)
	FinalizeReload (212ms)
		ReleaseScriptCaches (0ms)
		RebuildScriptCaches (0ms)
		SetupLoadedEditorAssemblies (126ms)
			LogAssemblyErrors (0ms)
			InitializePlatformSupportModulesInManaged (4ms)
			SetLoadedEditorAssemblies (4ms)
			RefreshPlugins (0ms)
			BeforeProcessingInitializeOnLoad (18ms)
			ProcessInitializeOnLoadAttributes (87ms)
			ProcessInitializeOnLoadMethodAttributes (12ms)
			AfterProcessingInitializeOnLoad (1ms)
			EditorAssembliesLoaded (0ms)
		ExecutionOrderSort2 (0ms)
		AwakeInstancesAfterBackupRestoration (4ms)
Refreshing native plugins compatible for Editor in 0.00 ms, found 0 plugins.
Preloading 0 native plugins for Editor in 0.00 ms.
Unloading 101 Unused Serialized files (Serialized files now loaded: 0)
Unloading 1 unused Assets / (22.8 KB). Loaded Objects now: 582.
Memory consumption went from 51.5 MB to 51.5 MB.
Total: 1.295400 ms (FindLiveObjects: 0.028100 ms CreateObjectMapping: 0.004800 ms MarkObjects: 1.251300 ms  DeleteObjects: 0.010500 ms)

Prepare: number of updated asset objects reloaded= 0
AssetImportParameters requested are different than current active one (requested -> active):
  custom:scripting/monoscript/fileName/ZiplineRenderer.cs: 9036e72d83efd0ccacd5cfc45fa14d4a -> 
  custom:scripting/monoscript/fileName/InputElement.cs: d68e59cb1468de097dc8ef68ceec4c3c -> 
  custom:scripting/monoscript/fileName/RunnerDemoRotator.cs: 7fea11c4615e58c2383f5e73ea6bf0e4 -> 
  custom:scripting/monoscript/fileName/WallClimbModule.cs: fa423420231e4350ba1cbe020749b9d7 -> 
  custom:scripting/monoscript/fileName/PlaneLaunchTrigger.cs: 5e471f5e6715baa98a8fd8fe9191b088 -> 
  custom:scripting/monoscript/fileName/CurvedZipline.cs: 835e5be53dbebaa7fce4c14824ac4ef8 -> 
  custom:video-encoder-webm-vp8: eb34c28f22e8b96e1ab97ce403110664 -> 
  custom:scripting/monoscript/fileName/InSceneLevelSwitcher.cs: 923a68628beeef2a1de10b0f152f4115 -> 
  custom:scripting/monoscript/fileName/UIButtonInputOverride.cs: ba897a516f575ccb6166e87e8f359cfa -> 
  custom:scripting/monoscript/fileName/LedgeHangModule.cs: a85b595320b53c153d19ecc75f36f14a -> 
  custom:audio-encoder-webm-vorbis: bf7c407c2cedff20999df2af8eb42d56 -> 
  custom:scripting/monoscript/fileName/OnSquishRespawner.cs: 6b090fe37ce2d0d708624c24ed92933c -> 
  custom:scripting/monoscript/fileName/EdgeClimbModule.cs: 9e2fd1a673bc058fdab696088b917d6b -> 
  custom:scripting/monoscript/fileName/GroundedCharacterController.cs: 2bbf33ada2d13c5b1247cbb1ea6e0d0b -> 
  custom:scripting/monoscript/fileName/Balancer.cs: 139971a930b275245c863c36a6f9761e -> 
  custom:scripting/monoscript/fileName/AutoRunnerInputOverride.cs: a21747c54bf3be5134e54ee142a76c36 -> 
  custom:scripting/monoscript/fileName/InSceneLevel.cs: 166da271ee9c8cb7671f6ccfdb20e4d1 -> 
  custom:scripting/monoscript/fileName/WorldTurnPoint.cs: 145f895d339b9ff7e70644ad20690704 -> 
  custom:scripting/monoscript/fileName/AbilitySlot.cs: 04c1bd41673649380b91c3f60ed9e19b -> 
  custom:scripting/monoscript/fileName/WallJumpModule.cs: 0f7e216d39f46c8b674e770d4df50c9a -> 
  custom:video-decoder-webm-vp8: 9c59270c3fd7afecdb556c50c9e8de78 -> 
  custom:scripting/monoscript/fileName/WorldTurner.cs: 383c3688b2998144513ebf0720a29312 -> 
  custom:scripting/monoscript/fileName/WallStickModule.cs: 097d6f97893dee74b5e6eee384d8fe77 -> 
  custom:scripting/monoscript/fileName/SprintModule.cs: bec7db87e4fa080775bdb79bc911e405 -> 
  custom:scripting/monoscript/fileName/CharacterEditorWindow.cs: 77e63e53add5afcdef4414c0855ec12f -> 
  custom:scripting/monoscript/fileName/OnWallSlideParticleSpawner.cs: be7222916ef9881869f6ac374a787dbc -> 
  custom:scripting/monoscript/fileName/CCGroundedInfo.cs: 6217517238b66294deda0f77cd68f6b5 -> 
  custom:scripting/precompiled-assembly-types:Assembly-CSharp-Editor: f3855aab1afae39cf4dc52db6ad51bc7 -> 
  custom:container-demuxer-webm: 4f35f7cbe854078d1ac9338744f61a02 -> 
  custom:scripting/monoscript/fileName/ControlledCapsuleCollider.cs: eba3c65f46c645a7ad9bf877b21ed51e -> 
  custom:scripting/monoscript/fileName/DoubleJumpModule.cs: 26f68b7f0d161bc94d269a6887b89879 -> 
  custom:scripting/monoscript/fileName/CharacterAbilityEditor.cs: ab1c68253dd5d3b8fbc464e183c3d30e -> 
  custom:scripting/monoscript/fileName/GroundedAnimatedAbilityModule.cs: b2370e47f701ee97b06ec554e515f157 -> 
  custom:scripting/monoscript/fileName/OnRunParticleSpawner.cs: 503c6829686d7df11ad999c83520603c -> 
  custom:scripting/monoscript/fileName/AbilityModule.cs: 446f07c747bc1cb2ab90e6af6801c32f -> 
  custom:scripting/monoscript/fileName/AbilityUnlockTrigger.cs: 246330f290e9ae4781dd36eaefab5acf -> 
  custom:scripting/monoscript/fileName/CCEdgeCastInfo.cs: 5d8212492c75242dbd46d98742ec7d28 -> 
  custom:scripting/monoscript/fileName/SpriteAnimator.cs: 887e4776fa3349e5885c3d33cf14e4a5 -> 
  custom:scripting/monoscript/fileName/RespawnPointSetter.cs: e37b54b5cf7bf54cb5e91b293312e847 -> 
  custom:scripting/monoscript/fileName/AbilityUnlockList.cs: b01ff0e009e220367c60280ecf9649d7 -> 
  custom:scripting/monoscript/fileName/CCSideCastInfo.cs: 8f55989fb19f684f21195a2918a0d3e8 -> 
  custom:scripting/monoscript/fileName/AbilityModuleManager.cs: 6f2d77074ecf0924e46239a0752e52a5 -> 
  custom:scripting/monoscript/fileName/EdgeJumpModule.cs: 25ec067027c7678c09511c89fc3ffc0e -> 
  custom:scripting/monoscript/fileName/RunnerDemoBalancer.cs: 1945bce5ce1b409a68b1050a0bb3017e -> 
  custom:scripting/monoscript/fileName/CapsuleCollision.cs: 1c723b263046d3123054f5c4f4a9afd0 -> 
  custom:scripting/monoscript/fileName/DropDownModule.cs: 05b682bf51f34d2e31b4e9496f09d86b -> 
  custom:scripting/monoscript/fileName/Net.cs: ebce2a2232b14f1312a97353a86dae7b -> 
  custom:scripting/monoscript/fileName/GizmoM.cs: 6e59ae57850dc22e9b0c819b76a519c7 -> 
  custom:scripting/monoscript/fileName/AutoRunnerJumpOverride.cs: ea917b5ec367b8e4bc4ff2d874e717f7 -> 
  custom:scripting/monoscript/fileName/JetpackVisuals.cs: ba6d54c009126e5f3631c268461c812e -> 
  custom:SearchIndexIgnoredProperties: e643bd26f0fe6173181afceb89e7c659 -> 
  custom:scripting/monoscript/fileName/UIDirectionInputOverride.cs: d1598b9e40132f1fbce867cba84a0fff -> 
  custom:scripting/monoscript/fileName/DirectionInput.cs: bc6e2bcb5873f04a28ab78a8ef2f7048 -> 
  custom:scripting/monoscript/fileName/AbilitySlotDrawer.cs: 1ba6b7112a4add08e85737d001fc7d12 -> 
  custom:scripting/monoscript/fileName/WallSlidingModule.cs: 5490b857657684b8da276013aaffbec5 -> 
  custom:scripting/monoscript/fileName/Mover.cs: da1c610bce1da6a0ba9c04e30a318aa0 -> 
  custom:scripting/monoscript/fileName/CapsuleColliderState.cs: 84387e6df0098cb916160482ef8a5f7c -> 
  custom:scripting/monoscript/fileName/GameController.cs: b39d91587c2553fd886ac9cec92f1e80 -> 
  custom:scripting/monoscript/fileName/SwimModule.cs: d5b6201a3a6701660c3f69623ee20615 -> 
  custom:scripting/monoscript/fileName/OnJumpParticleSpawner.cs: 7819fc4c82b970259cda28f47cc16b26 -> 
  custom:scripting/monoscript/fileName/DashModule.cs: 0faee5ec0b002c162b6c2111d651b87e -> 
  custom:scripting/monoscript/fileName/DeathTrigger.cs: 782cbd0926ca9c4975f0956763cb70a0 -> 
  custom:scripting/monoscript/fileName/BasicCharacterEditor.cs: 0ed3cc021d1036dee9de9dd3a4093c4e -> 
  custom:scripting/monoscript/fileName/Ladder.cs: f7d63c4f37c4ffa854a8da87b364da24 -> 
  custom:scripting/monoscript/fileName/Rotator.cs: 8d1c63393acfe743b0e9b2fdd36433f3 -> 
  custom:container-muxer-webm: aa71ff27fc2769a1b78a27578f13a17b -> 
  custom:scripting/monoscript/fileName/NetClimbModule.cs: 1b2a8bab17817545fc449c3d59856f69 -> 
  custom:scripting/monoscript/fileName/RunnerDemoPathMover.cs: 66fd5a2588ee18ae621c32d99d57daeb -> 
  custom:scripting/monoscript/fileName/RunnerDemoMover.cs: 95c2bef34a9c3d0373d36a85cf321039 -> 
  custom:scripting/monoscript/fileName/CharacterControllerBase.cs: 0b96362a5507c80f454d210232b680b7 -> 
  custom:video-codec-MediaFoundation-h265: 746d11721c4dcdbdad8f713fa42b33f4 -> 
  custom:scripting/monoscript/fileName/WallRunModule.cs: 2fed6c4194c93584779f9629bed58925 -> 
  custom:scripting/monoscript/fileName/GroundedControllerAbilityModule.cs: cc42e21515a9717a3d678ea6509b1a35 -> 
  custom:scripting/monoscript/fileName/ZiplineModule.cs: f6148b8cf0122150a3ace3513c3d572e -> 
  custom:scripting/monoscript/fileName/CapsuleParameters.cs: 90647cc400823b41df847a6cbfc29026 -> 
  custom:scripting/monoscript/fileName/PlaneTeleportTrigger.cs: e1907319f419fcc16d3dd8e9f5273d24 -> 
  custom:scripting/monoscript/fileName/DashArrow.cs: 9fc6686c446bb9e267dac7810ae0d0e2 -> 
  custom:scripting/monoscript/fileName/OneWayPlatform.cs: 7521d25e75ebd15b7b29db4020b8ac83 -> 
  custom:scripting/monoscript/fileName/BasicCameraTracker.cs: 01f368a25d31c7285eab19049f0fb38a -> 
  custom:scripting/monoscript/fileName/OnCollisionParticleSpawner.cs: 7a04b6e1f842e965f8781ee3a81b377b -> 
  custom:scripting/monoscript/fileName/WorldTurnTrigger.cs: 1b3ea3d014f140fbe11ca5439737ae5f -> 
  custom:scripting/monoscript/fileName/ButtonInput.cs: 673c9aa832b5d31d095f2488284ff3a4 -> 
  custom:scripting/monoscript/fileName/JetpackModule.cs: fd6552d5319aaba55c701d12e451c3aa -> 
  custom:container-demuxer-ogg: 62fdf1f143b41e24485cea50d1cbac27 -> 
  custom:scripting/monoscript/fileName/SlidingModule.cs: 6b98789f0cf48a88a41bf80d745c1b59 -> 
  custom:scripting/monoscript/fileName/AnimatedMover.cs: 2312c0296a452120eb075c9f06a7918f -> 
  custom:scripting/monoscript/fileName/CapsuleMovementPath.cs: b5ead2e8820e0218f886fdbb8aa599fa -> 
  custom:scripting/monoscript/fileName/CharacterFixEditor.cs: ea52dec9abc944942f5f2a1b7676ed0f -> 
  custom:scripting/monoscript/fileName/CapsuleTransform.cs: 767739bdf368d44b98f3ccff58275150 -> 
  custom:scripting/monoscript/fileName/ColliderState.cs: 1da11ee080a0329a399466574649d4e6 -> 
  custom:audio-decoder-ogg-vorbis: bf7c407c2cedff20999df2af8eb42d56 -> 
  custom:scripting/monoscript/fileName/LevelTransition.cs: 3779290c0723d51f6b742e0e6d352167 -> 
  custom:scripting/monoscript/fileName/CrouchingModule.cs: fce4aaba4e0aca3599427c4ea8694c95 -> 
  custom:scripting/monoscript/fileName/PositionRecorder.cs: 1c63b9f596415547ca67550baa697d76 -> 
  custom:AudioImporter_EditorPlatform: d09bf68614088b80899f8185d706f6e7 -> 
  custom:scripting/monoscript/fileName/MovementStateText.cs: 9cf7049c7aad7115fe7f0cb90408f8de -> 
  custom:scripting/monoscript/fileName/PositionReplayer.cs: 12a87c2e43d7b92c52b9f642e17e5f03 -> 
  custom:scripting/monoscript/fileName/HoverCharacterController.cs: 77dc1c51235ba37c10fae49871d69b5d -> 
  custom:scripting/monoscript/fileName/Zipline.cs: db6d1ab1d569280e39153d88037b8431 -> 
  custom:video-decoder-ogg-theora: a1e56fd34408186e4bbccfd4996cb3dc -> 
  custom:scripting/monoscript/fileName/CapsuleMovementPathNode.cs: 01395307c1c9a52a5605cfc14a822173 -> 
  custom:scripting/monoscript/fileName/CapsuleVolumeIntegrity.cs: cc192d9ec6b84de39423f77aaea60fbf -> 
  custom:scripting/precompiled-assembly-types:Assembly-CSharp: fa530d1c468e55036b5c4e7a3a516a11 -> 
  custom:CustomObjectIndexerAttribute: 9a22284fe3817be447336de3de66b15e -> 
  custom:framework-win-MediaFoundation: 216162199b28c13a410421893ffa2e32 -> 
  custom:scripting/monoscript/fileName/CharacterMovingColliderEditor.cs: 40f3683e829fbf94d86698339c05067c -> 
  custom:scripting/monoscript/fileName/ControlledCollider.cs: e808d20bad2b5f9755eae9c6361f99c6 -> 
  custom:scripting/monoscript/fileName/LevelStartAbilityLock.cs: 6900be139ba6a58efaa99759127aa098 -> 
  custom:scripting/monoscript/fileName/EditorHelp.cs: 332e1cbc7254df351892e69f053ba8f4 -> 
  custom:scripting/monoscript/fileName/LadderClimbModule.cs: 05af460fe561c1bf806c98564529c8b4 -> 
  custom:scripting/monoscript/fileName/InputPropertyDrawer.cs: d001dc8e2c5c2ba58ed5b0ad2acdd7d5 -> 
  custom:scripting/monoscript/fileName/FixedUpdateRenderInterpolator.cs: ab46c2289fa36b9338f0352a6b078c77 -> 
  custom:scripting/monoscript/fileName/CharacterInputEditor.cs: aaa8b652f42eccf4fac16680e4b4c910 -> 
  custom:scripting/monoscript/fileName/PlayerInput.cs: 593afd13dce9ea6f043a6fe213c456f9 -> 
  custom:scripting/monoscript/fileName/CapsuleMovingColliderSolver.cs: 5cf21f960f34db86226170e5f721b9c5 -> 
========================================================================
Received Prepare
Caller must complete domain reload
Begin MonoManager ReloadAssembly
- Loaded All Assemblies, in  0.127 seconds
Native extension for WindowsStandalone target not found
Mono: successfully reloaded assembly
- Finished resetting the current domain, in  0.194 seconds
Domain Reload Profiling: 322ms
	BeginReloadAssembly (83ms)
		ExecutionOrderSort (0ms)
		DisableScriptedObjects (3ms)
		BackupInstance (0ms)
		ReleaseScriptingObjects (0ms)
		CreateAndSetChildDomain (9ms)
	RebuildCommonClasses (20ms)
	RebuildNativeTypeToScriptingClass (6ms)
	initialDomainReloadingComplete (12ms)
	LoadAllAssembliesAndSetupDomain (5ms)
		LoadAssemblies (51ms)
		RebuildTransferFunctionScriptingTraits (0ms)
		AnalyzeDomain (4ms)
			TypeCache.Refresh (2ms)
				TypeCache.ScanAssembly (0ms)
			ScanForSourceGeneratedMonoScriptInfo (0ms)
			ResolveRequiredComponents (1ms)
	FinalizeReload (194ms)
		ReleaseScriptCaches (0ms)
		RebuildScriptCaches (0ms)
		SetupLoadedEditorAssemblies (119ms)
			LogAssemblyErrors (0ms)
			InitializePlatformSupportModulesInManaged (3ms)
			SetLoadedEditorAssemblies (4ms)
			RefreshPlugins (0ms)
			BeforeProcessingInitializeOnLoad (14ms)
			ProcessInitializeOnLoadAttributes (85ms)
			ProcessInitializeOnLoadMethodAttributes (12ms)
			AfterProcessingInitializeOnLoad (1ms)
			EditorAssembliesLoaded (0ms)
		ExecutionOrderSort2 (0ms)
		AwakeInstancesAfterBackupRestoration (4ms)
Refreshing native plugins compatible for Editor in 0.00 ms, found 0 plugins.
Preloading 0 native plugins for Editor in 0.00 ms.
Unloading 101 Unused Serialized files (Serialized files now loaded: 0)
Unloading 1 unused Assets / (22.8 KB). Loaded Objects now: 582.
Memory consumption went from 51.5 MB to 51.5 MB.
Total: 1.309400 ms (FindLiveObjects: 0.026200 ms CreateObjectMapping: 0.004500 ms MarkObjects: 1.270200 ms  DeleteObjects: 0.008100 ms)

Prepare: number of updated asset objects reloaded= 0
AssetImportParameters requested are different than current active one (requested -> active):
  custom:scripting/monoscript/fileName/ZiplineRenderer.cs: 9036e72d83efd0ccacd5cfc45fa14d4a -> 
  custom:scripting/monoscript/fileName/InputElement.cs: d68e59cb1468de097dc8ef68ceec4c3c -> 
  custom:scripting/monoscript/fileName/RunnerDemoRotator.cs: 7fea11c4615e58c2383f5e73ea6bf0e4 -> 
  custom:scripting/monoscript/fileName/WallClimbModule.cs: fa423420231e4350ba1cbe020749b9d7 -> 
  custom:scripting/monoscript/fileName/PlaneLaunchTrigger.cs: 5e471f5e6715baa98a8fd8fe9191b088 -> 
  custom:scripting/monoscript/fileName/CurvedZipline.cs: 835e5be53dbebaa7fce4c14824ac4ef8 -> 
  custom:video-encoder-webm-vp8: eb34c28f22e8b96e1ab97ce403110664 -> 
  custom:scripting/monoscript/fileName/InSceneLevelSwitcher.cs: 923a68628beeef2a1de10b0f152f4115 -> 
  custom:scripting/monoscript/fileName/UIButtonInputOverride.cs: ba897a516f575ccb6166e87e8f359cfa -> 
  custom:scripting/monoscript/fileName/LedgeHangModule.cs: a85b595320b53c153d19ecc75f36f14a -> 
  custom:audio-encoder-webm-vorbis: bf7c407c2cedff20999df2af8eb42d56 -> 
  custom:scripting/monoscript/fileName/OnSquishRespawner.cs: 6b090fe37ce2d0d708624c24ed92933c -> 
  custom:scripting/monoscript/fileName/EdgeClimbModule.cs: 9e2fd1a673bc058fdab696088b917d6b -> 
  custom:scripting/monoscript/fileName/GroundedCharacterController.cs: 2bbf33ada2d13c5b1247cbb1ea6e0d0b -> 
  custom:scripting/monoscript/fileName/Balancer.cs: 139971a930b275245c863c36a6f9761e -> 
  custom:scripting/monoscript/fileName/AutoRunnerInputOverride.cs: a21747c54bf3be5134e54ee142a76c36 -> 
  custom:scripting/monoscript/fileName/InSceneLevel.cs: 166da271ee9c8cb7671f6ccfdb20e4d1 -> 
  custom:scripting/monoscript/fileName/WorldTurnPoint.cs: 145f895d339b9ff7e70644ad20690704 -> 
  custom:scripting/monoscript/fileName/AbilitySlot.cs: 04c1bd41673649380b91c3f60ed9e19b -> 
  custom:scripting/monoscript/fileName/WallJumpModule.cs: 0f7e216d39f46c8b674e770d4df50c9a -> 
  custom:video-decoder-webm-vp8: 9c59270c3fd7afecdb556c50c9e8de78 -> 
  custom:scripting/monoscript/fileName/WorldTurner.cs: 383c3688b2998144513ebf0720a29312 -> 
  custom:scripting/monoscript/fileName/WallStickModule.cs: 097d6f97893dee74b5e6eee384d8fe77 -> 
  custom:scripting/monoscript/fileName/SprintModule.cs: bec7db87e4fa080775bdb79bc911e405 -> 
  custom:scripting/monoscript/fileName/CharacterEditorWindow.cs: 77e63e53add5afcdef4414c0855ec12f -> 
  custom:scripting/monoscript/fileName/OnWallSlideParticleSpawner.cs: be7222916ef9881869f6ac374a787dbc -> 
  custom:scripting/monoscript/fileName/CCGroundedInfo.cs: 6217517238b66294deda0f77cd68f6b5 -> 
  custom:scripting/precompiled-assembly-types:Assembly-CSharp-Editor: f3855aab1afae39cf4dc52db6ad51bc7 -> 
  custom:container-demuxer-webm: 4f35f7cbe854078d1ac9338744f61a02 -> 
  custom:scripting/monoscript/fileName/ControlledCapsuleCollider.cs: eba3c65f46c645a7ad9bf877b21ed51e -> 
  custom:scripting/monoscript/fileName/DoubleJumpModule.cs: 26f68b7f0d161bc94d269a6887b89879 -> 
  custom:scripting/monoscript/fileName/CharacterAbilityEditor.cs: ab1c68253dd5d3b8fbc464e183c3d30e -> 
  custom:scripting/monoscript/fileName/GroundedAnimatedAbilityModule.cs: b2370e47f701ee97b06ec554e515f157 -> 
  custom:scripting/monoscript/fileName/OnRunParticleSpawner.cs: 503c6829686d7df11ad999c83520603c -> 
  custom:scripting/monoscript/fileName/AbilityModule.cs: 446f07c747bc1cb2ab90e6af6801c32f -> 
  custom:scripting/monoscript/fileName/AbilityUnlockTrigger.cs: 246330f290e9ae4781dd36eaefab5acf -> 
  custom:scripting/monoscript/fileName/CCEdgeCastInfo.cs: 5d8212492c75242dbd46d98742ec7d28 -> 
  custom:scripting/monoscript/fileName/SpriteAnimator.cs: 887e4776fa3349e5885c3d33cf14e4a5 -> 
  custom:scripting/monoscript/fileName/RespawnPointSetter.cs: e37b54b5cf7bf54cb5e91b293312e847 -> 
  custom:scripting/monoscript/fileName/AbilityUnlockList.cs: b01ff0e009e220367c60280ecf9649d7 -> 
  custom:scripting/monoscript/fileName/CCSideCastInfo.cs: 8f55989fb19f684f21195a2918a0d3e8 -> 
  custom:scripting/monoscript/fileName/AbilityModuleManager.cs: 6f2d77074ecf0924e46239a0752e52a5 -> 
  custom:scripting/monoscript/fileName/EdgeJumpModule.cs: 25ec067027c7678c09511c89fc3ffc0e -> 
  custom:scripting/monoscript/fileName/RunnerDemoBalancer.cs: 1945bce5ce1b409a68b1050a0bb3017e -> 
  custom:scripting/monoscript/fileName/CapsuleCollision.cs: 1c723b263046d3123054f5c4f4a9afd0 -> 
  custom:scripting/monoscript/fileName/DropDownModule.cs: 05b682bf51f34d2e31b4e9496f09d86b -> 
  custom:scripting/monoscript/fileName/Net.cs: ebce2a2232b14f1312a97353a86dae7b -> 
  custom:scripting/monoscript/fileName/GizmoM.cs: 6e59ae57850dc22e9b0c819b76a519c7 -> 
  custom:scripting/monoscript/fileName/AutoRunnerJumpOverride.cs: ea917b5ec367b8e4bc4ff2d874e717f7 -> 
  custom:scripting/monoscript/fileName/JetpackVisuals.cs: ba6d54c009126e5f3631c268461c812e -> 
  custom:SearchIndexIgnoredProperties: e643bd26f0fe6173181afceb89e7c659 -> 
  custom:scripting/monoscript/fileName/UIDirectionInputOverride.cs: d1598b9e40132f1fbce867cba84a0fff -> 
  custom:scripting/monoscript/fileName/DirectionInput.cs: bc6e2bcb5873f04a28ab78a8ef2f7048 -> 
  custom:scripting/monoscript/fileName/AbilitySlotDrawer.cs: 1ba6b7112a4add08e85737d001fc7d12 -> 
  custom:scripting/monoscript/fileName/WallSlidingModule.cs: 5490b857657684b8da276013aaffbec5 -> 
  custom:scripting/monoscript/fileName/Mover.cs: da1c610bce1da6a0ba9c04e30a318aa0 -> 
  custom:scripting/monoscript/fileName/CapsuleColliderState.cs: 84387e6df0098cb916160482ef8a5f7c -> 
  custom:scripting/monoscript/fileName/GameController.cs: b39d91587c2553fd886ac9cec92f1e80 -> 
  custom:scripting/monoscript/fileName/SwimModule.cs: d5b6201a3a6701660c3f69623ee20615 -> 
  custom:scripting/monoscript/fileName/OnJumpParticleSpawner.cs: 7819fc4c82b970259cda28f47cc16b26 -> 
  custom:scripting/monoscript/fileName/DashModule.cs: 0faee5ec0b002c162b6c2111d651b87e -> 
  custom:scripting/monoscript/fileName/DeathTrigger.cs: 782cbd0926ca9c4975f0956763cb70a0 -> 
  custom:scripting/monoscript/fileName/BasicCharacterEditor.cs: 0ed3cc021d1036dee9de9dd3a4093c4e -> 
  custom:scripting/monoscript/fileName/Ladder.cs: f7d63c4f37c4ffa854a8da87b364da24 -> 
  custom:scripting/monoscript/fileName/Rotator.cs: 8d1c63393acfe743b0e9b2fdd36433f3 -> 
  custom:container-muxer-webm: aa71ff27fc2769a1b78a27578f13a17b -> 
  custom:scripting/monoscript/fileName/NetClimbModule.cs: 1b2a8bab17817545fc449c3d59856f69 -> 
  custom:scripting/monoscript/fileName/RunnerDemoPathMover.cs: 66fd5a2588ee18ae621c32d99d57daeb -> 
  custom:scripting/monoscript/fileName/RunnerDemoMover.cs: 95c2bef34a9c3d0373d36a85cf321039 -> 
  custom:scripting/monoscript/fileName/CharacterControllerBase.cs: 0b96362a5507c80f454d210232b680b7 -> 
  custom:video-codec-MediaFoundation-h265: 746d11721c4dcdbdad8f713fa42b33f4 -> 
  custom:scripting/monoscript/fileName/WallRunModule.cs: 2fed6c4194c93584779f9629bed58925 -> 
  custom:scripting/monoscript/fileName/GroundedControllerAbilityModule.cs: cc42e21515a9717a3d678ea6509b1a35 -> 
  custom:scripting/monoscript/fileName/ZiplineModule.cs: f6148b8cf0122150a3ace3513c3d572e -> 
  custom:scripting/monoscript/fileName/CapsuleParameters.cs: 90647cc400823b41df847a6cbfc29026 -> 
  custom:scripting/monoscript/fileName/PlaneTeleportTrigger.cs: e1907319f419fcc16d3dd8e9f5273d24 -> 
  custom:scripting/monoscript/fileName/DashArrow.cs: 9fc6686c446bb9e267dac7810ae0d0e2 -> 
  custom:scripting/monoscript/fileName/OneWayPlatform.cs: 7521d25e75ebd15b7b29db4020b8ac83 -> 
  custom:scripting/monoscript/fileName/BasicCameraTracker.cs: 01f368a25d31c7285eab19049f0fb38a -> 
  custom:scripting/monoscript/fileName/OnCollisionParticleSpawner.cs: 7a04b6e1f842e965f8781ee3a81b377b -> 
  custom:scripting/monoscript/fileName/WorldTurnTrigger.cs: 1b3ea3d014f140fbe11ca5439737ae5f -> 
  custom:scripting/monoscript/fileName/ButtonInput.cs: 673c9aa832b5d31d095f2488284ff3a4 -> 
  custom:scripting/monoscript/fileName/JetpackModule.cs: fd6552d5319aaba55c701d12e451c3aa -> 
  custom:container-demuxer-ogg: 62fdf1f143b41e24485cea50d1cbac27 -> 
  custom:scripting/monoscript/fileName/SlidingModule.cs: 6b98789f0cf48a88a41bf80d745c1b59 -> 
  custom:scripting/monoscript/fileName/AnimatedMover.cs: 2312c0296a452120eb075c9f06a7918f -> 
  custom:scripting/monoscript/fileName/CapsuleMovementPath.cs: b5ead2e8820e0218f886fdbb8aa599fa -> 
  custom:scripting/monoscript/fileName/CharacterFixEditor.cs: ea52dec9abc944942f5f2a1b7676ed0f -> 
  custom:scripting/monoscript/fileName/CapsuleTransform.cs: 767739bdf368d44b98f3ccff58275150 -> 
  custom:scripting/monoscript/fileName/ColliderState.cs: 1da11ee080a0329a399466574649d4e6 -> 
  custom:audio-decoder-ogg-vorbis: bf7c407c2cedff20999df2af8eb42d56 -> 
  custom:scripting/monoscript/fileName/LevelTransition.cs: 3779290c0723d51f6b742e0e6d352167 -> 
  custom:scripting/monoscript/fileName/CrouchingModule.cs: fce4aaba4e0aca3599427c4ea8694c95 -> 
  custom:scripting/monoscript/fileName/PositionRecorder.cs: 1c63b9f596415547ca67550baa697d76 -> 
  custom:AudioImporter_EditorPlatform: d09bf68614088b80899f8185d706f6e7 -> 
  custom:scripting/monoscript/fileName/MovementStateText.cs: 9cf7049c7aad7115fe7f0cb90408f8de -> 
  custom:scripting/monoscript/fileName/PositionReplayer.cs: 12a87c2e43d7b92c52b9f642e17e5f03 -> 
  custom:scripting/monoscript/fileName/HoverCharacterController.cs: 77dc1c51235ba37c10fae49871d69b5d -> 
  custom:scripting/monoscript/fileName/Zipline.cs: db6d1ab1d569280e39153d88037b8431 -> 
  custom:video-decoder-ogg-theora: a1e56fd34408186e4bbccfd4996cb3dc -> 
  custom:scripting/monoscript/fileName/CapsuleMovementPathNode.cs: 01395307c1c9a52a5605cfc14a822173 -> 
  custom:scripting/monoscript/fileName/CapsuleVolumeIntegrity.cs: cc192d9ec6b84de39423f77aaea60fbf -> 
  custom:scripting/precompiled-assembly-types:Assembly-CSharp: fa530d1c468e55036b5c4e7a3a516a11 -> 
  custom:CustomObjectIndexerAttribute: 9a22284fe3817be447336de3de66b15e -> 
  custom:framework-win-MediaFoundation: 216162199b28c13a410421893ffa2e32 -> 
  custom:scripting/monoscript/fileName/CharacterMovingColliderEditor.cs: 40f3683e829fbf94d86698339c05067c -> 
  custom:scripting/monoscript/fileName/ControlledCollider.cs: e808d20bad2b5f9755eae9c6361f99c6 -> 
  custom:scripting/monoscript/fileName/LevelStartAbilityLock.cs: 6900be139ba6a58efaa99759127aa098 -> 
  custom:scripting/monoscript/fileName/EditorHelp.cs: 332e1cbc7254df351892e69f053ba8f4 -> 
  custom:scripting/monoscript/fileName/LadderClimbModule.cs: 05af460fe561c1bf806c98564529c8b4 -> 
  custom:scripting/monoscript/fileName/InputPropertyDrawer.cs: d001dc8e2c5c2ba58ed5b0ad2acdd7d5 -> 
  custom:scripting/monoscript/fileName/FixedUpdateRenderInterpolator.cs: ab46c2289fa36b9338f0352a6b078c77 -> 
  custom:scripting/monoscript/fileName/CharacterInputEditor.cs: aaa8b652f42eccf4fac16680e4b4c910 -> 
  custom:scripting/monoscript/fileName/PlayerInput.cs: 593afd13dce9ea6f043a6fe213c456f9 -> 
  custom:scripting/monoscript/fileName/CapsuleMovingColliderSolver.cs: 5cf21f960f34db86226170e5f721b9c5 -> 
========================================================================
Received Prepare
Caller must complete domain reload
Begin MonoManager ReloadAssembly
- Loaded All Assemblies, in  0.125 seconds
Native extension for WindowsStandalone target not found
Mono: successfully reloaded assembly
- Finished resetting the current domain, in  0.187 seconds
Domain Reload Profiling: 312ms
	BeginReloadAssembly (81ms)
		ExecutionOrderSort (0ms)
		DisableScriptedObjects (3ms)
		BackupInstance (0ms)
		ReleaseScriptingObjects (0ms)
		CreateAndSetChildDomain (10ms)
	RebuildCommonClasses (20ms)
	RebuildNativeTypeToScriptingClass (6ms)
	initialDomainReloadingComplete (12ms)
	LoadAllAssembliesAndSetupDomain (5ms)
		LoadAssemblies (48ms)
		RebuildTransferFunctionScriptingTraits (0ms)
		AnalyzeDomain (4ms)
			TypeCache.Refresh (2ms)
				TypeCache.ScanAssembly (0ms)
			ScanForSourceGeneratedMonoScriptInfo (0ms)
			ResolveRequiredComponents (1ms)
	FinalizeReload (187ms)
		ReleaseScriptCaches (0ms)
		RebuildScriptCaches (0ms)
		SetupLoadedEditorAssemblies (116ms)
			LogAssemblyErrors (0ms)
			InitializePlatformSupportModulesInManaged (3ms)
			SetLoadedEditorAssemblies (3ms)
			RefreshPlugins (0ms)
			BeforeProcessingInitializeOnLoad (14ms)
			ProcessInitializeOnLoadAttributes (83ms)
			ProcessInitializeOnLoadMethodAttributes (12ms)
			AfterProcessingInitializeOnLoad (1ms)
			EditorAssembliesLoaded (0ms)
		ExecutionOrderSort2 (0ms)
		AwakeInstancesAfterBackupRestoration (4ms)
Refreshing native plugins compatible for Editor in 0.00 ms, found 0 plugins.
Preloading 0 native plugins for Editor in 0.00 ms.
Unloading 101 Unused Serialized files (Serialized files now loaded: 0)
Unloading 1 unused Assets / (22.8 KB). Loaded Objects now: 582.
Memory consumption went from 51.5 MB to 51.5 MB.
Total: 1.270300 ms (FindLiveObjects: 0.026700 ms CreateObjectMapping: 0.004200 ms MarkObjects: 1.229800 ms  DeleteObjects: 0.008800 ms)

Prepare: number of updated asset objects reloaded= 0
AssetImportParameters requested are different than current active one (requested -> active):
  custom:scripting/monoscript/fileName/ZiplineRenderer.cs: 9036e72d83efd0ccacd5cfc45fa14d4a -> 
  custom:scripting/monoscript/fileName/InputElement.cs: d68e59cb1468de097dc8ef68ceec4c3c -> 
  custom:scripting/monoscript/fileName/RunnerDemoRotator.cs: 7fea11c4615e58c2383f5e73ea6bf0e4 -> 
  custom:scripting/monoscript/fileName/WallClimbModule.cs: fa423420231e4350ba1cbe020749b9d7 -> 
  custom:scripting/monoscript/fileName/PlaneLaunchTrigger.cs: 5e471f5e6715baa98a8fd8fe9191b088 -> 
  custom:scripting/monoscript/fileName/CurvedZipline.cs: 835e5be53dbebaa7fce4c14824ac4ef8 -> 
  custom:video-encoder-webm-vp8: eb34c28f22e8b96e1ab97ce403110664 -> 
  custom:scripting/monoscript/fileName/InSceneLevelSwitcher.cs: 923a68628beeef2a1de10b0f152f4115 -> 
  custom:scripting/monoscript/fileName/UIButtonInputOverride.cs: ba897a516f575ccb6166e87e8f359cfa -> 
  custom:scripting/monoscript/fileName/LedgeHangModule.cs: a85b595320b53c153d19ecc75f36f14a -> 
  custom:audio-encoder-webm-vorbis: bf7c407c2cedff20999df2af8eb42d56 -> 
  custom:scripting/monoscript/fileName/OnSquishRespawner.cs: 6b090fe37ce2d0d708624c24ed92933c -> 
  custom:scripting/monoscript/fileName/EdgeClimbModule.cs: 9e2fd1a673bc058fdab696088b917d6b -> 
  custom:scripting/monoscript/fileName/GroundedCharacterController.cs: 2bbf33ada2d13c5b1247cbb1ea6e0d0b -> 
  custom:scripting/monoscript/fileName/Balancer.cs: 139971a930b275245c863c36a6f9761e -> 
  custom:scripting/monoscript/fileName/AutoRunnerInputOverride.cs: a21747c54bf3be5134e54ee142a76c36 -> 
  custom:scripting/monoscript/fileName/InSceneLevel.cs: 166da271ee9c8cb7671f6ccfdb20e4d1 -> 
  custom:scripting/monoscript/fileName/WorldTurnPoint.cs: 145f895d339b9ff7e70644ad20690704 -> 
  custom:scripting/monoscript/fileName/AbilitySlot.cs: 04c1bd41673649380b91c3f60ed9e19b -> 
  custom:scripting/monoscript/fileName/WallJumpModule.cs: 0f7e216d39f46c8b674e770d4df50c9a -> 
  custom:video-decoder-webm-vp8: 9c59270c3fd7afecdb556c50c9e8de78 -> 
  custom:scripting/monoscript/fileName/WorldTurner.cs: 383c3688b2998144513ebf0720a29312 -> 
  custom:scripting/monoscript/fileName/WallStickModule.cs: 097d6f97893dee74b5e6eee384d8fe77 -> 
  custom:scripting/monoscript/fileName/SprintModule.cs: bec7db87e4fa080775bdb79bc911e405 -> 
  custom:scripting/monoscript/fileName/CharacterEditorWindow.cs: 77e63e53add5afcdef4414c0855ec12f -> 
  custom:scripting/monoscript/fileName/OnWallSlideParticleSpawner.cs: be7222916ef9881869f6ac374a787dbc -> 
  custom:scripting/monoscript/fileName/CCGroundedInfo.cs: 6217517238b66294deda0f77cd68f6b5 -> 
  custom:scripting/precompiled-assembly-types:Assembly-CSharp-Editor: f3855aab1afae39cf4dc52db6ad51bc7 -> 
  custom:container-demuxer-webm: 4f35f7cbe854078d1ac9338744f61a02 -> 
  custom:scripting/monoscript/fileName/ControlledCapsuleCollider.cs: eba3c65f46c645a7ad9bf877b21ed51e -> 
  custom:scripting/monoscript/fileName/DoubleJumpModule.cs: 26f68b7f0d161bc94d269a6887b89879 -> 
  custom:scripting/monoscript/fileName/CharacterAbilityEditor.cs: ab1c68253dd5d3b8fbc464e183c3d30e -> 
  custom:scripting/monoscript/fileName/GroundedAnimatedAbilityModule.cs: b2370e47f701ee97b06ec554e515f157 -> 
  custom:scripting/monoscript/fileName/OnRunParticleSpawner.cs: 503c6829686d7df11ad999c83520603c -> 
  custom:scripting/monoscript/fileName/AbilityModule.cs: 446f07c747bc1cb2ab90e6af6801c32f -> 
  custom:scripting/monoscript/fileName/AbilityUnlockTrigger.cs: 246330f290e9ae4781dd36eaefab5acf -> 
  custom:scripting/monoscript/fileName/CCEdgeCastInfo.cs: 5d8212492c75242dbd46d98742ec7d28 -> 
  custom:scripting/monoscript/fileName/SpriteAnimator.cs: 887e4776fa3349e5885c3d33cf14e4a5 -> 
  custom:scripting/monoscript/fileName/RespawnPointSetter.cs: e37b54b5cf7bf54cb5e91b293312e847 -> 
  custom:scripting/monoscript/fileName/AbilityUnlockList.cs: b01ff0e009e220367c60280ecf9649d7 -> 
  custom:scripting/monoscript/fileName/CCSideCastInfo.cs: 8f55989fb19f684f21195a2918a0d3e8 -> 
  custom:scripting/monoscript/fileName/AbilityModuleManager.cs: 6f2d77074ecf0924e46239a0752e52a5 -> 
  custom:scripting/monoscript/fileName/EdgeJumpModule.cs: 25ec067027c7678c09511c89fc3ffc0e -> 
  custom:scripting/monoscript/fileName/RunnerDemoBalancer.cs: 1945bce5ce1b409a68b1050a0bb3017e -> 
  custom:scripting/monoscript/fileName/CapsuleCollision.cs: 1c723b263046d3123054f5c4f4a9afd0 -> 
  custom:scripting/monoscript/fileName/DropDownModule.cs: 05b682bf51f34d2e31b4e9496f09d86b -> 
  custom:scripting/monoscript/fileName/Net.cs: ebce2a2232b14f1312a97353a86dae7b -> 
  custom:scripting/monoscript/fileName/GizmoM.cs: 6e59ae57850dc22e9b0c819b76a519c7 -> 
  custom:scripting/monoscript/fileName/AutoRunnerJumpOverride.cs: ea917b5ec367b8e4bc4ff2d874e717f7 -> 
  custom:scripting/monoscript/fileName/JetpackVisuals.cs: ba6d54c009126e5f3631c268461c812e -> 
  custom:SearchIndexIgnoredProperties: e643bd26f0fe6173181afceb89e7c659 -> 
  custom:scripting/monoscript/fileName/UIDirectionInputOverride.cs: d1598b9e40132f1fbce867cba84a0fff -> 
  custom:scripting/monoscript/fileName/DirectionInput.cs: bc6e2bcb5873f04a28ab78a8ef2f7048 -> 
  custom:scripting/monoscript/fileName/AbilitySlotDrawer.cs: 1ba6b7112a4add08e85737d001fc7d12 -> 
  custom:scripting/monoscript/fileName/WallSlidingModule.cs: 5490b857657684b8da276013aaffbec5 -> 
  custom:scripting/monoscript/fileName/Mover.cs: da1c610bce1da6a0ba9c04e30a318aa0 -> 
  custom:scripting/monoscript/fileName/CapsuleColliderState.cs: 84387e6df0098cb916160482ef8a5f7c -> 
  custom:scripting/monoscript/fileName/GameController.cs: b39d91587c2553fd886ac9cec92f1e80 -> 
  custom:scripting/monoscript/fileName/SwimModule.cs: d5b6201a3a6701660c3f69623ee20615 -> 
  custom:scripting/monoscript/fileName/OnJumpParticleSpawner.cs: 7819fc4c82b970259cda28f47cc16b26 -> 
  custom:scripting/monoscript/fileName/DashModule.cs: 0faee5ec0b002c162b6c2111d651b87e -> 
  custom:scripting/monoscript/fileName/DeathTrigger.cs: 782cbd0926ca9c4975f0956763cb70a0 -> 
  custom:scripting/monoscript/fileName/BasicCharacterEditor.cs: 0ed3cc021d1036dee9de9dd3a4093c4e -> 
  custom:scripting/monoscript/fileName/Ladder.cs: f7d63c4f37c4ffa854a8da87b364da24 -> 
  custom:scripting/monoscript/fileName/Rotator.cs: 8d1c63393acfe743b0e9b2fdd36433f3 -> 
  custom:container-muxer-webm: aa71ff27fc2769a1b78a27578f13a17b -> 
  custom:scripting/monoscript/fileName/NetClimbModule.cs: 1b2a8bab17817545fc449c3d59856f69 -> 
  custom:scripting/monoscript/fileName/RunnerDemoPathMover.cs: 66fd5a2588ee18ae621c32d99d57daeb -> 
  custom:scripting/monoscript/fileName/RunnerDemoMover.cs: 95c2bef34a9c3d0373d36a85cf321039 -> 
  custom:scripting/monoscript/fileName/CharacterControllerBase.cs: 0b96362a5507c80f454d210232b680b7 -> 
  custom:video-codec-MediaFoundation-h265: 746d11721c4dcdbdad8f713fa42b33f4 -> 
  custom:scripting/monoscript/fileName/WallRunModule.cs: 2fed6c4194c93584779f9629bed58925 -> 
  custom:scripting/monoscript/fileName/GroundedControllerAbilityModule.cs: cc42e21515a9717a3d678ea6509b1a35 -> 
  custom:scripting/monoscript/fileName/ZiplineModule.cs: f6148b8cf0122150a3ace3513c3d572e -> 
  custom:scripting/monoscript/fileName/CapsuleParameters.cs: 90647cc400823b41df847a6cbfc29026 -> 
  custom:scripting/monoscript/fileName/PlaneTeleportTrigger.cs: e1907319f419fcc16d3dd8e9f5273d24 -> 
  custom:scripting/monoscript/fileName/DashArrow.cs: 9fc6686c446bb9e267dac7810ae0d0e2 -> 
  custom:scripting/monoscript/fileName/OneWayPlatform.cs: 7521d25e75ebd15b7b29db4020b8ac83 -> 
  custom:scripting/monoscript/fileName/BasicCameraTracker.cs: 01f368a25d31c7285eab19049f0fb38a -> 
  custom:scripting/monoscript/fileName/OnCollisionParticleSpawner.cs: 7a04b6e1f842e965f8781ee3a81b377b -> 
  custom:scripting/monoscript/fileName/WorldTurnTrigger.cs: 1b3ea3d014f140fbe11ca5439737ae5f -> 
  custom:scripting/monoscript/fileName/ButtonInput.cs: 673c9aa832b5d31d095f2488284ff3a4 -> 
  custom:scripting/monoscript/fileName/JetpackModule.cs: fd6552d5319aaba55c701d12e451c3aa -> 
  custom:container-demuxer-ogg: 62fdf1f143b41e24485cea50d1cbac27 -> 
  custom:scripting/monoscript/fileName/SlidingModule.cs: 6b98789f0cf48a88a41bf80d745c1b59 -> 
  custom:scripting/monoscript/fileName/AnimatedMover.cs: 2312c0296a452120eb075c9f06a7918f -> 
  custom:scripting/monoscript/fileName/CapsuleMovementPath.cs: b5ead2e8820e0218f886fdbb8aa599fa -> 
  custom:scripting/monoscript/fileName/CharacterFixEditor.cs: ea52dec9abc944942f5f2a1b7676ed0f -> 
  custom:scripting/monoscript/fileName/CapsuleTransform.cs: 767739bdf368d44b98f3ccff58275150 -> 
  custom:scripting/monoscript/fileName/ColliderState.cs: 1da11ee080a0329a399466574649d4e6 -> 
  custom:audio-decoder-ogg-vorbis: bf7c407c2cedff20999df2af8eb42d56 -> 
  custom:scripting/monoscript/fileName/LevelTransition.cs: 3779290c0723d51f6b742e0e6d352167 -> 
  custom:scripting/monoscript/fileName/CrouchingModule.cs: fce4aaba4e0aca3599427c4ea8694c95 -> 
  custom:scripting/monoscript/fileName/PositionRecorder.cs: 1c63b9f596415547ca67550baa697d76 -> 
  custom:AudioImporter_EditorPlatform: d09bf68614088b80899f8185d706f6e7 -> 
  custom:scripting/monoscript/fileName/MovementStateText.cs: 9cf7049c7aad7115fe7f0cb90408f8de -> 
  custom:scripting/monoscript/fileName/PositionReplayer.cs: 12a87c2e43d7b92c52b9f642e17e5f03 -> 
  custom:scripting/monoscript/fileName/HoverCharacterController.cs: 77dc1c51235ba37c10fae49871d69b5d -> 
  custom:scripting/monoscript/fileName/Zipline.cs: db6d1ab1d569280e39153d88037b8431 -> 
  custom:video-decoder-ogg-theora: a1e56fd34408186e4bbccfd4996cb3dc -> 
  custom:scripting/monoscript/fileName/CapsuleMovementPathNode.cs: 01395307c1c9a52a5605cfc14a822173 -> 
  custom:scripting/monoscript/fileName/CapsuleVolumeIntegrity.cs: cc192d9ec6b84de39423f77aaea60fbf -> 
  custom:scripting/precompiled-assembly-types:Assembly-CSharp: fa530d1c468e55036b5c4e7a3a516a11 -> 
  custom:CustomObjectIndexerAttribute: 9a22284fe3817be447336de3de66b15e -> 
  custom:framework-win-MediaFoundation: 216162199b28c13a410421893ffa2e32 -> 
  custom:scripting/monoscript/fileName/CharacterMovingColliderEditor.cs: 40f3683e829fbf94d86698339c05067c -> 
  custom:scripting/monoscript/fileName/ControlledCollider.cs: e808d20bad2b5f9755eae9c6361f99c6 -> 
  custom:scripting/monoscript/fileName/LevelStartAbilityLock.cs: 6900be139ba6a58efaa99759127aa098 -> 
  custom:scripting/monoscript/fileName/EditorHelp.cs: 332e1cbc7254df351892e69f053ba8f4 -> 
  custom:scripting/monoscript/fileName/LadderClimbModule.cs: 05af460fe561c1bf806c98564529c8b4 -> 
  custom:scripting/monoscript/fileName/InputPropertyDrawer.cs: d001dc8e2c5c2ba58ed5b0ad2acdd7d5 -> 
  custom:scripting/monoscript/fileName/FixedUpdateRenderInterpolator.cs: ab46c2289fa36b9338f0352a6b078c77 -> 
  custom:scripting/monoscript/fileName/CharacterInputEditor.cs: aaa8b652f42eccf4fac16680e4b4c910 -> 
  custom:scripting/monoscript/fileName/PlayerInput.cs: 593afd13dce9ea6f043a6fe213c456f9 -> 
  custom:scripting/monoscript/fileName/CapsuleMovingColliderSolver.cs: 5cf21f960f34db86226170e5f721b9c5 -> 
========================================================================
Received Prepare
Caller must complete domain reload
Begin MonoManager ReloadAssembly
- Loaded All Assemblies, in  0.128 seconds
Native extension for WindowsStandalone target not found
Mono: successfully reloaded assembly
- Finished resetting the current domain, in  0.183 seconds
Domain Reload Profiling: 312ms
	BeginReloadAssembly (84ms)
		ExecutionOrderSort (0ms)
		DisableScriptedObjects (3ms)
		BackupInstance (0ms)
		ReleaseScriptingObjects (0ms)
		CreateAndSetChildDomain (11ms)
	RebuildCommonClasses (21ms)
	RebuildNativeTypeToScriptingClass (7ms)
	initialDomainReloadingComplete (11ms)
	LoadAllAssembliesAndSetupDomain (6ms)
		LoadAssemblies (50ms)
		RebuildTransferFunctionScriptingTraits (0ms)
		AnalyzeDomain (4ms)
			TypeCache.Refresh (2ms)
				TypeCache.ScanAssembly (0ms)
			ScanForSourceGeneratedMonoScriptInfo (0ms)
			ResolveRequiredComponents (1ms)
	FinalizeReload (184ms)
		ReleaseScriptCaches (0ms)
		RebuildScriptCaches (0ms)
		SetupLoadedEditorAssemblies (114ms)
			LogAssemblyErrors (0ms)
			InitializePlatformSupportModulesInManaged (3ms)
			SetLoadedEditorAssemblies (3ms)
			RefreshPlugins (0ms)
			BeforeProcessingInitializeOnLoad (14ms)
			ProcessInitializeOnLoadAttributes (80ms)
			ProcessInitializeOnLoadMethodAttributes (12ms)
			AfterProcessingInitializeOnLoad (1ms)
			EditorAssembliesLoaded (0ms)
		ExecutionOrderSort2 (0ms)
		AwakeInstancesAfterBackupRestoration (4ms)
Refreshing native plugins compatible for Editor in 0.00 ms, found 0 plugins.
Preloading 0 native plugins for Editor in 0.00 ms.
Unloading 101 Unused Serialized files (Serialized files now loaded: 0)
Unloading 1 unused Assets / (22.8 KB). Loaded Objects now: 582.
Memory consumption went from 51.5 MB to 51.5 MB.
Total: 1.279300 ms (FindLiveObjects: 0.028800 ms CreateObjectMapping: 0.004600 ms MarkObjects: 1.235600 ms  DeleteObjects: 0.009700 ms)

Prepare: number of updated asset objects reloaded= 0
AssetImportParameters requested are different than current active one (requested -> active):
  custom:scripting/monoscript/fileName/ZiplineRenderer.cs: 9036e72d83efd0ccacd5cfc45fa14d4a -> 
  custom:scripting/monoscript/fileName/InputElement.cs: d68e59cb1468de097dc8ef68ceec4c3c -> 
  custom:scripting/monoscript/fileName/RunnerDemoRotator.cs: 7fea11c4615e58c2383f5e73ea6bf0e4 -> 
  custom:scripting/monoscript/fileName/WallClimbModule.cs: fa423420231e4350ba1cbe020749b9d7 -> 
  custom:scripting/monoscript/fileName/PlaneLaunchTrigger.cs: 5e471f5e6715baa98a8fd8fe9191b088 -> 
  custom:scripting/monoscript/fileName/CurvedZipline.cs: 835e5be53dbebaa7fce4c14824ac4ef8 -> 
  custom:video-encoder-webm-vp8: eb34c28f22e8b96e1ab97ce403110664 -> 
  custom:scripting/monoscript/fileName/InSceneLevelSwitcher.cs: 923a68628beeef2a1de10b0f152f4115 -> 
  custom:scripting/monoscript/fileName/UIButtonInputOverride.cs: ba897a516f575ccb6166e87e8f359cfa -> 
  custom:scripting/monoscript/fileName/LedgeHangModule.cs: a85b595320b53c153d19ecc75f36f14a -> 
  custom:audio-encoder-webm-vorbis: bf7c407c2cedff20999df2af8eb42d56 -> 
  custom:scripting/monoscript/fileName/OnSquishRespawner.cs: 6b090fe37ce2d0d708624c24ed92933c -> 
  custom:scripting/monoscript/fileName/EdgeClimbModule.cs: 9e2fd1a673bc058fdab696088b917d6b -> 
  custom:scripting/monoscript/fileName/GroundedCharacterController.cs: 2bbf33ada2d13c5b1247cbb1ea6e0d0b -> 
  custom:scripting/monoscript/fileName/Balancer.cs: 139971a930b275245c863c36a6f9761e -> 
  custom:scripting/monoscript/fileName/AutoRunnerInputOverride.cs: a21747c54bf3be5134e54ee142a76c36 -> 
  custom:scripting/monoscript/fileName/InSceneLevel.cs: 166da271ee9c8cb7671f6ccfdb20e4d1 -> 
  custom:scripting/monoscript/fileName/WorldTurnPoint.cs: 145f895d339b9ff7e70644ad20690704 -> 
  custom:scripting/monoscript/fileName/AbilitySlot.cs: 04c1bd41673649380b91c3f60ed9e19b -> 
  custom:scripting/monoscript/fileName/WallJumpModule.cs: 0f7e216d39f46c8b674e770d4df50c9a -> 
  custom:video-decoder-webm-vp8: 9c59270c3fd7afecdb556c50c9e8de78 -> 
  custom:scripting/monoscript/fileName/WorldTurner.cs: 383c3688b2998144513ebf0720a29312 -> 
  custom:scripting/monoscript/fileName/WallStickModule.cs: 097d6f97893dee74b5e6eee384d8fe77 -> 
  custom:scripting/monoscript/fileName/SprintModule.cs: bec7db87e4fa080775bdb79bc911e405 -> 
  custom:scripting/monoscript/fileName/CharacterEditorWindow.cs: 77e63e53add5afcdef4414c0855ec12f -> 
  custom:scripting/monoscript/fileName/OnWallSlideParticleSpawner.cs: be7222916ef9881869f6ac374a787dbc -> 
  custom:scripting/monoscript/fileName/CCGroundedInfo.cs: 6217517238b66294deda0f77cd68f6b5 -> 
  custom:scripting/precompiled-assembly-types:Assembly-CSharp-Editor: f3855aab1afae39cf4dc52db6ad51bc7 -> 
  custom:container-demuxer-webm: 4f35f7cbe854078d1ac9338744f61a02 -> 
  custom:scripting/monoscript/fileName/ControlledCapsuleCollider.cs: eba3c65f46c645a7ad9bf877b21ed51e -> 
  custom:scripting/monoscript/fileName/DoubleJumpModule.cs: 26f68b7f0d161bc94d269a6887b89879 -> 
  custom:scripting/monoscript/fileName/CharacterAbilityEditor.cs: ab1c68253dd5d3b8fbc464e183c3d30e -> 
  custom:scripting/monoscript/fileName/GroundedAnimatedAbilityModule.cs: b2370e47f701ee97b06ec554e515f157 -> 
  custom:scripting/monoscript/fileName/OnRunParticleSpawner.cs: 503c6829686d7df11ad999c83520603c -> 
  custom:scripting/monoscript/fileName/AbilityModule.cs: 446f07c747bc1cb2ab90e6af6801c32f -> 
  custom:scripting/monoscript/fileName/AbilityUnlockTrigger.cs: 246330f290e9ae4781dd36eaefab5acf -> 
  custom:scripting/monoscript/fileName/CCEdgeCastInfo.cs: 5d8212492c75242dbd46d98742ec7d28 -> 
  custom:scripting/monoscript/fileName/SpriteAnimator.cs: 887e4776fa3349e5885c3d33cf14e4a5 -> 
  custom:scripting/monoscript/fileName/RespawnPointSetter.cs: e37b54b5cf7bf54cb5e91b293312e847 -> 
  custom:scripting/monoscript/fileName/AbilityUnlockList.cs: b01ff0e009e220367c60280ecf9649d7 -> 
  custom:scripting/monoscript/fileName/CCSideCastInfo.cs: 8f55989fb19f684f21195a2918a0d3e8 -> 
  custom:scripting/monoscript/fileName/AbilityModuleManager.cs: 6f2d77074ecf0924e46239a0752e52a5 -> 
  custom:scripting/monoscript/fileName/EdgeJumpModule.cs: 25ec067027c7678c09511c89fc3ffc0e -> 
  custom:scripting/monoscript/fileName/RunnerDemoBalancer.cs: 1945bce5ce1b409a68b1050a0bb3017e -> 
  custom:scripting/monoscript/fileName/CapsuleCollision.cs: 1c723b263046d3123054f5c4f4a9afd0 -> 
  custom:scripting/monoscript/fileName/DropDownModule.cs: 05b682bf51f34d2e31b4e9496f09d86b -> 
  custom:scripting/monoscript/fileName/Net.cs: ebce2a2232b14f1312a97353a86dae7b -> 
  custom:scripting/monoscript/fileName/GizmoM.cs: 6e59ae57850dc22e9b0c819b76a519c7 -> 
  custom:scripting/monoscript/fileName/AutoRunnerJumpOverride.cs: ea917b5ec367b8e4bc4ff2d874e717f7 -> 
  custom:scripting/monoscript/fileName/JetpackVisuals.cs: ba6d54c009126e5f3631c268461c812e -> 
  custom:SearchIndexIgnoredProperties: e643bd26f0fe6173181afceb89e7c659 -> 
  custom:scripting/monoscript/fileName/UIDirectionInputOverride.cs: d1598b9e40132f1fbce867cba84a0fff -> 
  custom:scripting/monoscript/fileName/DirectionInput.cs: bc6e2bcb5873f04a28ab78a8ef2f7048 -> 
  custom:scripting/monoscript/fileName/AbilitySlotDrawer.cs: 1ba6b7112a4add08e85737d001fc7d12 -> 
  custom:scripting/monoscript/fileName/WallSlidingModule.cs: 5490b857657684b8da276013aaffbec5 -> 
  custom:scripting/monoscript/fileName/Mover.cs: da1c610bce1da6a0ba9c04e30a318aa0 -> 
  custom:scripting/monoscript/fileName/CapsuleColliderState.cs: 84387e6df0098cb916160482ef8a5f7c -> 
  custom:scripting/monoscript/fileName/GameController.cs: b39d91587c2553fd886ac9cec92f1e80 -> 
  custom:scripting/monoscript/fileName/SwimModule.cs: d5b6201a3a6701660c3f69623ee20615 -> 
  custom:scripting/monoscript/fileName/OnJumpParticleSpawner.cs: 7819fc4c82b970259cda28f47cc16b26 -> 
  custom:scripting/monoscript/fileName/DashModule.cs: 0faee5ec0b002c162b6c2111d651b87e -> 
  custom:scripting/monoscript/fileName/DeathTrigger.cs: 782cbd0926ca9c4975f0956763cb70a0 -> 
  custom:scripting/monoscript/fileName/BasicCharacterEditor.cs: 0ed3cc021d1036dee9de9dd3a4093c4e -> 
  custom:scripting/monoscript/fileName/Ladder.cs: f7d63c4f37c4ffa854a8da87b364da24 -> 
  custom:scripting/monoscript/fileName/Rotator.cs: 8d1c63393acfe743b0e9b2fdd36433f3 -> 
  custom:container-muxer-webm: aa71ff27fc2769a1b78a27578f13a17b -> 
  custom:scripting/monoscript/fileName/NetClimbModule.cs: 1b2a8bab17817545fc449c3d59856f69 -> 
  custom:scripting/monoscript/fileName/RunnerDemoPathMover.cs: 66fd5a2588ee18ae621c32d99d57daeb -> 
  custom:scripting/monoscript/fileName/RunnerDemoMover.cs: 95c2bef34a9c3d0373d36a85cf321039 -> 
  custom:scripting/monoscript/fileName/CharacterControllerBase.cs: 0b96362a5507c80f454d210232b680b7 -> 
  custom:video-codec-MediaFoundation-h265: 746d11721c4dcdbdad8f713fa42b33f4 -> 
  custom:scripting/monoscript/fileName/WallRunModule.cs: 2fed6c4194c93584779f9629bed58925 -> 
  custom:scripting/monoscript/fileName/GroundedControllerAbilityModule.cs: cc42e21515a9717a3d678ea6509b1a35 -> 
  custom:scripting/monoscript/fileName/ZiplineModule.cs: f6148b8cf0122150a3ace3513c3d572e -> 
  custom:scripting/monoscript/fileName/CapsuleParameters.cs: 90647cc400823b41df847a6cbfc29026 -> 
  custom:scripting/monoscript/fileName/PlaneTeleportTrigger.cs: e1907319f419fcc16d3dd8e9f5273d24 -> 
  custom:scripting/monoscript/fileName/DashArrow.cs: 9fc6686c446bb9e267dac7810ae0d0e2 -> 
  custom:scripting/monoscript/fileName/OneWayPlatform.cs: 7521d25e75ebd15b7b29db4020b8ac83 -> 
  custom:scripting/monoscript/fileName/BasicCameraTracker.cs: 01f368a25d31c7285eab19049f0fb38a -> 
  custom:scripting/monoscript/fileName/OnCollisionParticleSpawner.cs: 7a04b6e1f842e965f8781ee3a81b377b -> 
  custom:scripting/monoscript/fileName/WorldTurnTrigger.cs: 1b3ea3d014f140fbe11ca5439737ae5f -> 
  custom:scripting/monoscript/fileName/ButtonInput.cs: 673c9aa832b5d31d095f2488284ff3a4 -> 
  custom:scripting/monoscript/fileName/JetpackModule.cs: fd6552d5319aaba55c701d12e451c3aa -> 
  custom:container-demuxer-ogg: 62fdf1f143b41e24485cea50d1cbac27 -> 
  custom:scripting/monoscript/fileName/SlidingModule.cs: 6b98789f0cf48a88a41bf80d745c1b59 -> 
  custom:scripting/monoscript/fileName/AnimatedMover.cs: 2312c0296a452120eb075c9f06a7918f -> 
  custom:scripting/monoscript/fileName/CapsuleMovementPath.cs: b5ead2e8820e0218f886fdbb8aa599fa -> 
  custom:scripting/monoscript/fileName/CharacterFixEditor.cs: ea52dec9abc944942f5f2a1b7676ed0f -> 
  custom:scripting/monoscript/fileName/CapsuleTransform.cs: 767739bdf368d44b98f3ccff58275150 -> 
  custom:scripting/monoscript/fileName/ColliderState.cs: 1da11ee080a0329a399466574649d4e6 -> 
  custom:audio-decoder-ogg-vorbis: bf7c407c2cedff20999df2af8eb42d56 -> 
  custom:scripting/monoscript/fileName/LevelTransition.cs: 3779290c0723d51f6b742e0e6d352167 -> 
  custom:scripting/monoscript/fileName/CrouchingModule.cs: fce4aaba4e0aca3599427c4ea8694c95 -> 
  custom:scripting/monoscript/fileName/PositionRecorder.cs: 1c63b9f596415547ca67550baa697d76 -> 
  custom:AudioImporter_EditorPlatform: d09bf68614088b80899f8185d706f6e7 -> 
  custom:scripting/monoscript/fileName/MovementStateText.cs: 9cf7049c7aad7115fe7f0cb90408f8de -> 
  custom:scripting/monoscript/fileName/PositionReplayer.cs: 12a87c2e43d7b92c52b9f642e17e5f03 -> 
  custom:scripting/monoscript/fileName/HoverCharacterController.cs: 77dc1c51235ba37c10fae49871d69b5d -> 
  custom:scripting/monoscript/fileName/Zipline.cs: db6d1ab1d569280e39153d88037b8431 -> 
  custom:video-decoder-ogg-theora: a1e56fd34408186e4bbccfd4996cb3dc -> 
  custom:scripting/monoscript/fileName/CapsuleMovementPathNode.cs: 01395307c1c9a52a5605cfc14a822173 -> 
  custom:scripting/monoscript/fileName/CapsuleVolumeIntegrity.cs: cc192d9ec6b84de39423f77aaea60fbf -> 
  custom:scripting/precompiled-assembly-types:Assembly-CSharp: fa530d1c468e55036b5c4e7a3a516a11 -> 
  custom:CustomObjectIndexerAttribute: 9a22284fe3817be447336de3de66b15e -> 
  custom:framework-win-MediaFoundation: 216162199b28c13a410421893ffa2e32 -> 
  custom:scripting/monoscript/fileName/CharacterMovingColliderEditor.cs: 40f3683e829fbf94d86698339c05067c -> 
  custom:scripting/monoscript/fileName/ControlledCollider.cs: e808d20bad2b5f9755eae9c6361f99c6 -> 
  custom:scripting/monoscript/fileName/LevelStartAbilityLock.cs: 6900be139ba6a58efaa99759127aa098 -> 
  custom:scripting/monoscript/fileName/EditorHelp.cs: 332e1cbc7254df351892e69f053ba8f4 -> 
  custom:scripting/monoscript/fileName/LadderClimbModule.cs: 05af460fe561c1bf806c98564529c8b4 -> 
  custom:scripting/monoscript/fileName/InputPropertyDrawer.cs: d001dc8e2c5c2ba58ed5b0ad2acdd7d5 -> 
  custom:scripting/monoscript/fileName/FixedUpdateRenderInterpolator.cs: ab46c2289fa36b9338f0352a6b078c77 -> 
  custom:scripting/monoscript/fileName/CharacterInputEditor.cs: aaa8b652f42eccf4fac16680e4b4c910 -> 
  custom:scripting/monoscript/fileName/PlayerInput.cs: 593afd13dce9ea6f043a6fe213c456f9 -> 
  custom:scripting/monoscript/fileName/CapsuleMovingColliderSolver.cs: 5cf21f960f34db86226170e5f721b9c5 -> 
========================================================================
Received Prepare
Caller must complete domain reload
Begin MonoManager ReloadAssembly
- Loaded All Assemblies, in  0.139 seconds
Native extension for WindowsStandalone target not found
Mono: successfully reloaded assembly
- Finished resetting the current domain, in  0.202 seconds
Domain Reload Profiling: 340ms
	BeginReloadAssembly (90ms)
		ExecutionOrderSort (0ms)
		DisableScriptedObjects (3ms)
		BackupInstance (0ms)
		ReleaseScriptingObjects (0ms)
		CreateAndSetChildDomain (10ms)
	RebuildCommonClasses (21ms)
	RebuildNativeTypeToScriptingClass (7ms)
	initialDomainReloadingComplete (13ms)
	LoadAllAssembliesAndSetupDomain (7ms)
		LoadAssemblies (56ms)
		RebuildTransferFunctionScriptingTraits (0ms)
		AnalyzeDomain (6ms)
			TypeCache.Refresh (4ms)
				TypeCache.ScanAssembly (1ms)
			ScanForSourceGeneratedMonoScriptInfo (1ms)
			ResolveRequiredComponents (1ms)
	FinalizeReload (202ms)
		ReleaseScriptCaches (0ms)
		RebuildScriptCaches (0ms)
		SetupLoadedEditorAssemblies (127ms)
			LogAssemblyErrors (0ms)
			InitializePlatformSupportModulesInManaged (4ms)
			SetLoadedEditorAssemblies (4ms)
			RefreshPlugins (0ms)
			BeforeProcessingInitializeOnLoad (16ms)
			ProcessInitializeOnLoadAttributes (90ms)
			ProcessInitializeOnLoadMethodAttributes (13ms)
			AfterProcessingInitializeOnLoad (1ms)
			EditorAssembliesLoaded (0ms)
		ExecutionOrderSort2 (0ms)
		AwakeInstancesAfterBackupRestoration (4ms)
Refreshing native plugins compatible for Editor in 0.00 ms, found 0 plugins.
Preloading 0 native plugins for Editor in 0.00 ms.
Unloading 102 Unused Serialized files (Serialized files now loaded: 0)
Unloading 1 unused Assets / (22.8 KB). Loaded Objects now: 583.
Memory consumption went from 51.5 MB to 51.5 MB.
Total: 1.375800 ms (FindLiveObjects: 0.029500 ms CreateObjectMapping: 0.004200 ms MarkObjects: 1.330700 ms  DeleteObjects: 0.010800 ms)

Prepare: number of updated asset objects reloaded= 0
AssetImportParameters requested are different than current active one (requested -> active):
  custom:scripting/monoscript/fileName/ZiplineRenderer.cs: 9036e72d83efd0ccacd5cfc45fa14d4a -> 
  custom:scripting/monoscript/fileName/InputElement.cs: d68e59cb1468de097dc8ef68ceec4c3c -> 
  custom:scripting/monoscript/fileName/RunnerDemoRotator.cs: 7fea11c4615e58c2383f5e73ea6bf0e4 -> 
  custom:scripting/monoscript/fileName/WallClimbModule.cs: fa423420231e4350ba1cbe020749b9d7 -> 
  custom:scripting/monoscript/fileName/PlaneLaunchTrigger.cs: 5e471f5e6715baa98a8fd8fe9191b088 -> 
  custom:scripting/monoscript/fileName/CurvedZipline.cs: 835e5be53dbebaa7fce4c14824ac4ef8 -> 
  custom:video-encoder-webm-vp8: eb34c28f22e8b96e1ab97ce403110664 -> 
  custom:scripting/monoscript/fileName/InSceneLevelSwitcher.cs: 923a68628beeef2a1de10b0f152f4115 -> 
  custom:scripting/monoscript/fileName/UIButtonInputOverride.cs: ba897a516f575ccb6166e87e8f359cfa -> 
  custom:scripting/monoscript/fileName/LedgeHangModule.cs: a85b595320b53c153d19ecc75f36f14a -> 
  custom:audio-encoder-webm-vorbis: bf7c407c2cedff20999df2af8eb42d56 -> 
  custom:scripting/monoscript/fileName/OnSquishRespawner.cs: 6b090fe37ce2d0d708624c24ed92933c -> 
  custom:scripting/monoscript/fileName/EdgeClimbModule.cs: 9e2fd1a673bc058fdab696088b917d6b -> 
  custom:scripting/monoscript/fileName/GroundedCharacterController.cs: 2bbf33ada2d13c5b1247cbb1ea6e0d0b -> 
  custom:scripting/monoscript/fileName/Balancer.cs: 139971a930b275245c863c36a6f9761e -> 
  custom:scripting/monoscript/fileName/AutoRunnerInputOverride.cs: a21747c54bf3be5134e54ee142a76c36 -> 
  custom:scripting/monoscript/fileName/InSceneLevel.cs: 166da271ee9c8cb7671f6ccfdb20e4d1 -> 
  custom:scripting/monoscript/fileName/WorldTurnPoint.cs: 145f895d339b9ff7e70644ad20690704 -> 
  custom:scripting/monoscript/fileName/AbilitySlot.cs: 04c1bd41673649380b91c3f60ed9e19b -> 
  custom:scripting/monoscript/fileName/WallJumpModule.cs: 0f7e216d39f46c8b674e770d4df50c9a -> 
  custom:video-decoder-webm-vp8: 9c59270c3fd7afecdb556c50c9e8de78 -> 
  custom:scripting/monoscript/fileName/WorldTurner.cs: 383c3688b2998144513ebf0720a29312 -> 
  custom:scripting/monoscript/fileName/WallStickModule.cs: 097d6f97893dee74b5e6eee384d8fe77 -> 
  custom:scripting/monoscript/fileName/SprintModule.cs: bec7db87e4fa080775bdb79bc911e405 -> 
  custom:scripting/monoscript/fileName/CharacterEditorWindow.cs: 77e63e53add5afcdef4414c0855ec12f -> 
  custom:scripting/monoscript/fileName/OnWallSlideParticleSpawner.cs: be7222916ef9881869f6ac374a787dbc -> 
  custom:scripting/monoscript/fileName/CCGroundedInfo.cs: 6217517238b66294deda0f77cd68f6b5 -> 
  custom:scripting/precompiled-assembly-types:Assembly-CSharp-Editor: f3855aab1afae39cf4dc52db6ad51bc7 -> 
  custom:container-demuxer-webm: 4f35f7cbe854078d1ac9338744f61a02 -> 
  custom:scripting/monoscript/fileName/ControlledCapsuleCollider.cs: eba3c65f46c645a7ad9bf877b21ed51e -> 
  custom:scripting/monoscript/fileName/DoubleJumpModule.cs: 26f68b7f0d161bc94d269a6887b89879 -> 
  custom:scripting/monoscript/fileName/CharacterAbilityEditor.cs: ab1c68253dd5d3b8fbc464e183c3d30e -> 
  custom:scripting/monoscript/fileName/GroundedAnimatedAbilityModule.cs: b2370e47f701ee97b06ec554e515f157 -> 
  custom:scripting/monoscript/fileName/OnRunParticleSpawner.cs: 503c6829686d7df11ad999c83520603c -> 
  custom:scripting/monoscript/fileName/AbilityModule.cs: 446f07c747bc1cb2ab90e6af6801c32f -> 
  custom:scripting/monoscript/fileName/AbilityUnlockTrigger.cs: 246330f290e9ae4781dd36eaefab5acf -> 
  custom:scripting/monoscript/fileName/CCEdgeCastInfo.cs: 5d8212492c75242dbd46d98742ec7d28 -> 
  custom:scripting/monoscript/fileName/SpriteAnimator.cs: 887e4776fa3349e5885c3d33cf14e4a5 -> 
  custom:scripting/monoscript/fileName/RespawnPointSetter.cs: e37b54b5cf7bf54cb5e91b293312e847 -> 
  custom:scripting/monoscript/fileName/AbilityUnlockList.cs: b01ff0e009e220367c60280ecf9649d7 -> 
  custom:scripting/monoscript/fileName/CCSideCastInfo.cs: 8f55989fb19f684f21195a2918a0d3e8 -> 
  custom:scripting/monoscript/fileName/AbilityModuleManager.cs: 6f2d77074ecf0924e46239a0752e52a5 -> 
  custom:scripting/monoscript/fileName/EdgeJumpModule.cs: 25ec067027c7678c09511c89fc3ffc0e -> 
  custom:scripting/monoscript/fileName/RunnerDemoBalancer.cs: 1945bce5ce1b409a68b1050a0bb3017e -> 
  custom:scripting/monoscript/fileName/CapsuleCollision.cs: 1c723b263046d3123054f5c4f4a9afd0 -> 
  custom:scripting/monoscript/fileName/DropDownModule.cs: 05b682bf51f34d2e31b4e9496f09d86b -> 
  custom:scripting/monoscript/fileName/Net.cs: ebce2a2232b14f1312a97353a86dae7b -> 
  custom:scripting/monoscript/fileName/GizmoM.cs: 6e59ae57850dc22e9b0c819b76a519c7 -> 
  custom:scripting/monoscript/fileName/AutoRunnerJumpOverride.cs: ea917b5ec367b8e4bc4ff2d874e717f7 -> 
  custom:scripting/monoscript/fileName/JetpackVisuals.cs: ba6d54c009126e5f3631c268461c812e -> 
  custom:SearchIndexIgnoredProperties: e643bd26f0fe6173181afceb89e7c659 -> 
  custom:scripting/monoscript/fileName/UIDirectionInputOverride.cs: d1598b9e40132f1fbce867cba84a0fff -> 
  custom:scripting/monoscript/fileName/DirectionInput.cs: bc6e2bcb5873f04a28ab78a8ef2f7048 -> 
  custom:scripting/monoscript/fileName/AbilitySlotDrawer.cs: 1ba6b7112a4add08e85737d001fc7d12 -> 
  custom:scripting/monoscript/fileName/WallSlidingModule.cs: 5490b857657684b8da276013aaffbec5 -> 
  custom:scripting/monoscript/fileName/Mover.cs: da1c610bce1da6a0ba9c04e30a318aa0 -> 
  custom:scripting/monoscript/fileName/CapsuleColliderState.cs: 84387e6df0098cb916160482ef8a5f7c -> 
  custom:scripting/monoscript/fileName/GameController.cs: b39d91587c2553fd886ac9cec92f1e80 -> 
  custom:scripting/monoscript/fileName/SwimModule.cs: d5b6201a3a6701660c3f69623ee20615 -> 
  custom:scripting/monoscript/fileName/OnJumpParticleSpawner.cs: 7819fc4c82b970259cda28f47cc16b26 -> 
  custom:scripting/monoscript/fileName/DashModule.cs: 0faee5ec0b002c162b6c2111d651b87e -> 
  custom:scripting/monoscript/fileName/DeathTrigger.cs: 782cbd0926ca9c4975f0956763cb70a0 -> 
  custom:scripting/monoscript/fileName/BasicCharacterEditor.cs: 0ed3cc021d1036dee9de9dd3a4093c4e -> 
  custom:scripting/monoscript/fileName/Ladder.cs: f7d63c4f37c4ffa854a8da87b364da24 -> 
  custom:scripting/monoscript/fileName/Rotator.cs: 8d1c63393acfe743b0e9b2fdd36433f3 -> 
  custom:container-muxer-webm: aa71ff27fc2769a1b78a27578f13a17b -> 
  custom:scripting/monoscript/fileName/NetClimbModule.cs: 1b2a8bab17817545fc449c3d59856f69 -> 
  custom:scripting/monoscript/fileName/RunnerDemoPathMover.cs: 66fd5a2588ee18ae621c32d99d57daeb -> 
  custom:scripting/monoscript/fileName/RunnerDemoMover.cs: 95c2bef34a9c3d0373d36a85cf321039 -> 
  custom:scripting/monoscript/fileName/CharacterControllerBase.cs: 0b96362a5507c80f454d210232b680b7 -> 
  custom:video-codec-MediaFoundation-h265: 746d11721c4dcdbdad8f713fa42b33f4 -> 
  custom:scripting/monoscript/fileName/WallRunModule.cs: 2fed6c4194c93584779f9629bed58925 -> 
  custom:scripting/monoscript/fileName/GroundedControllerAbilityModule.cs: cc42e21515a9717a3d678ea6509b1a35 -> 
  custom:scripting/monoscript/fileName/ZiplineModule.cs: f6148b8cf0122150a3ace3513c3d572e -> 
  custom:scripting/monoscript/fileName/CapsuleParameters.cs: 90647cc400823b41df847a6cbfc29026 -> 
  custom:scripting/monoscript/fileName/PlaneTeleportTrigger.cs: e1907319f419fcc16d3dd8e9f5273d24 -> 
  custom:scripting/monoscript/fileName/DashArrow.cs: 9fc6686c446bb9e267dac7810ae0d0e2 -> 
  custom:scripting/monoscript/fileName/OneWayPlatform.cs: 7521d25e75ebd15b7b29db4020b8ac83 -> 
  custom:scripting/monoscript/fileName/BasicCameraTracker.cs: 01f368a25d31c7285eab19049f0fb38a -> 
  custom:scripting/monoscript/fileName/OnCollisionParticleSpawner.cs: 7a04b6e1f842e965f8781ee3a81b377b -> 
  custom:scripting/monoscript/fileName/WorldTurnTrigger.cs: 1b3ea3d014f140fbe11ca5439737ae5f -> 
  custom:scripting/monoscript/fileName/ButtonInput.cs: 673c9aa832b5d31d095f2488284ff3a4 -> 
  custom:scripting/monoscript/fileName/JetpackModule.cs: fd6552d5319aaba55c701d12e451c3aa -> 
  custom:container-demuxer-ogg: 62fdf1f143b41e24485cea50d1cbac27 -> 
  custom:scripting/monoscript/fileName/SlidingModule.cs: 6b98789f0cf48a88a41bf80d745c1b59 -> 
  custom:scripting/monoscript/fileName/AnimatedMover.cs: 2312c0296a452120eb075c9f06a7918f -> 
  custom:scripting/monoscript/fileName/CapsuleMovementPath.cs: b5ead2e8820e0218f886fdbb8aa599fa -> 
  custom:scripting/monoscript/fileName/CharacterFixEditor.cs: ea52dec9abc944942f5f2a1b7676ed0f -> 
  custom:scripting/monoscript/fileName/CapsuleTransform.cs: 767739bdf368d44b98f3ccff58275150 -> 
  custom:scripting/monoscript/fileName/ColliderState.cs: 1da11ee080a0329a399466574649d4e6 -> 
  custom:audio-decoder-ogg-vorbis: bf7c407c2cedff20999df2af8eb42d56 -> 
  custom:scripting/monoscript/fileName/LevelTransition.cs: 3779290c0723d51f6b742e0e6d352167 -> 
  custom:scripting/monoscript/fileName/CrouchingModule.cs: fce4aaba4e0aca3599427c4ea8694c95 -> 
  custom:scripting/monoscript/fileName/PositionRecorder.cs: 1c63b9f596415547ca67550baa697d76 -> 
  custom:AudioImporter_EditorPlatform: d09bf68614088b80899f8185d706f6e7 -> 
  custom:scripting/monoscript/fileName/MovementStateText.cs: 9cf7049c7aad7115fe7f0cb90408f8de -> 
  custom:scripting/monoscript/fileName/PositionReplayer.cs: 12a87c2e43d7b92c52b9f642e17e5f03 -> 
  custom:scripting/monoscript/fileName/HoverCharacterController.cs: 77dc1c51235ba37c10fae49871d69b5d -> 
  custom:scripting/monoscript/fileName/Zipline.cs: db6d1ab1d569280e39153d88037b8431 -> 
  custom:video-decoder-ogg-theora: a1e56fd34408186e4bbccfd4996cb3dc -> 
  custom:scripting/monoscript/fileName/CapsuleMovementPathNode.cs: 01395307c1c9a52a5605cfc14a822173 -> 
  custom:scripting/monoscript/fileName/CapsuleVolumeIntegrity.cs: cc192d9ec6b84de39423f77aaea60fbf -> 
  custom:scripting/precompiled-assembly-types:Assembly-CSharp: 7344e0aa479e26437a3f8d55798a5fc1 -> 
  custom:scripting/monoscript/fileName/ModeShow.cs: f6c371260d842df543789961567bd0a7 -> 
  custom:CustomObjectIndexerAttribute: 9a22284fe3817be447336de3de66b15e -> 
  custom:framework-win-MediaFoundation: 216162199b28c13a410421893ffa2e32 -> 
  custom:scripting/monoscript/fileName/CharacterMovingColliderEditor.cs: 40f3683e829fbf94d86698339c05067c -> 
  custom:scripting/monoscript/fileName/ControlledCollider.cs: e808d20bad2b5f9755eae9c6361f99c6 -> 
  custom:scripting/monoscript/fileName/LevelStartAbilityLock.cs: 6900be139ba6a58efaa99759127aa098 -> 
  custom:scripting/monoscript/fileName/EditorHelp.cs: 332e1cbc7254df351892e69f053ba8f4 -> 
  custom:scripting/monoscript/fileName/LadderClimbModule.cs: 05af460fe561c1bf806c98564529c8b4 -> 
  custom:scripting/monoscript/fileName/InputPropertyDrawer.cs: d001dc8e2c5c2ba58ed5b0ad2acdd7d5 -> 
  custom:scripting/monoscript/fileName/FixedUpdateRenderInterpolator.cs: ab46c2289fa36b9338f0352a6b078c77 -> 
  custom:scripting/monoscript/fileName/CharacterInputEditor.cs: aaa8b652f42eccf4fac16680e4b4c910 -> 
  custom:scripting/monoscript/fileName/PlayerInput.cs: 593afd13dce9ea6f043a6fe213c456f9 -> 
  custom:scripting/monoscript/fileName/CapsuleMovingColliderSolver.cs: 5cf21f960f34db86226170e5f721b9c5 -> 
========================================================================
Received Prepare
Caller must complete domain reload
Begin MonoManager ReloadAssembly
- Loaded All Assemblies, in  0.129 seconds
Native extension for WindowsStandalone target not found
Mono: successfully reloaded assembly
- Finished resetting the current domain, in  0.193 seconds
Domain Reload Profiling: 322ms
	BeginReloadAssembly (85ms)
		ExecutionOrderSort (0ms)
		DisableScriptedObjects (3ms)
		BackupInstance (0ms)
		ReleaseScriptingObjects (0ms)
		CreateAndSetChildDomain (10ms)
	RebuildCommonClasses (21ms)
	RebuildNativeTypeToScriptingClass (7ms)
	initialDomainReloadingComplete (12ms)
	LoadAllAssembliesAndSetupDomain (5ms)
		LoadAssemblies (52ms)
		RebuildTransferFunctionScriptingTraits (0ms)
		AnalyzeDomain (4ms)
			TypeCache.Refresh (2ms)
				TypeCache.ScanAssembly (0ms)
			ScanForSourceGeneratedMonoScriptInfo (0ms)
			ResolveRequiredComponents (1ms)
	FinalizeReload (193ms)
		ReleaseScriptCaches (0ms)
		RebuildScriptCaches (0ms)
		SetupLoadedEditorAssemblies (120ms)
			LogAssemblyErrors (0ms)
			InitializePlatformSupportModulesInManaged (4ms)
			SetLoadedEditorAssemblies (3ms)
			RefreshPlugins (0ms)
			BeforeProcessingInitializeOnLoad (15ms)
			ProcessInitializeOnLoadAttributes (85ms)
			ProcessInitializeOnLoadMethodAttributes (11ms)
			AfterProcessingInitializeOnLoad (1ms)
			EditorAssembliesLoaded (0ms)
		ExecutionOrderSort2 (0ms)
		AwakeInstancesAfterBackupRestoration (4ms)
Refreshing native plugins compatible for Editor in 0.00 ms, found 0 plugins.
Preloading 0 native plugins for Editor in 0.00 ms.
Unloading 102 Unused Serialized files (Serialized files now loaded: 0)
Unloading 1 unused Assets / (22.8 KB). Loaded Objects now: 583.
Memory consumption went from 51.5 MB to 51.5 MB.
Total: 1.262000 ms (FindLiveObjects: 0.028000 ms CreateObjectMapping: 0.004500 ms MarkObjects: 1.218300 ms  DeleteObjects: 0.010600 ms)

Prepare: number of updated asset objects reloaded= 0
AssetImportParameters requested are different than current active one (requested -> active):
  custom:scripting/monoscript/fileName/ZiplineRenderer.cs: 9036e72d83efd0ccacd5cfc45fa14d4a -> 
  custom:scripting/monoscript/fileName/InputElement.cs: d68e59cb1468de097dc8ef68ceec4c3c -> 
  custom:scripting/monoscript/fileName/RunnerDemoRotator.cs: 7fea11c4615e58c2383f5e73ea6bf0e4 -> 
  custom:scripting/monoscript/fileName/WallClimbModule.cs: fa423420231e4350ba1cbe020749b9d7 -> 
  custom:scripting/monoscript/fileName/PlaneLaunchTrigger.cs: 5e471f5e6715baa98a8fd8fe9191b088 -> 
  custom:scripting/monoscript/fileName/CurvedZipline.cs: 835e5be53dbebaa7fce4c14824ac4ef8 -> 
  custom:video-encoder-webm-vp8: eb34c28f22e8b96e1ab97ce403110664 -> 
  custom:scripting/monoscript/fileName/InSceneLevelSwitcher.cs: 923a68628beeef2a1de10b0f152f4115 -> 
  custom:scripting/monoscript/fileName/UIButtonInputOverride.cs: ba897a516f575ccb6166e87e8f359cfa -> 
  custom:scripting/monoscript/fileName/LedgeHangModule.cs: a85b595320b53c153d19ecc75f36f14a -> 
  custom:audio-encoder-webm-vorbis: bf7c407c2cedff20999df2af8eb42d56 -> 
  custom:scripting/monoscript/fileName/OnSquishRespawner.cs: 6b090fe37ce2d0d708624c24ed92933c -> 
  custom:scripting/monoscript/fileName/EdgeClimbModule.cs: 9e2fd1a673bc058fdab696088b917d6b -> 
  custom:scripting/monoscript/fileName/GroundedCharacterController.cs: 2bbf33ada2d13c5b1247cbb1ea6e0d0b -> 
  custom:scripting/monoscript/fileName/Balancer.cs: 139971a930b275245c863c36a6f9761e -> 
  custom:scripting/monoscript/fileName/AutoRunnerInputOverride.cs: a21747c54bf3be5134e54ee142a76c36 -> 
  custom:scripting/monoscript/fileName/InSceneLevel.cs: 166da271ee9c8cb7671f6ccfdb20e4d1 -> 
  custom:scripting/monoscript/fileName/WorldTurnPoint.cs: 145f895d339b9ff7e70644ad20690704 -> 
  custom:scripting/monoscript/fileName/AbilitySlot.cs: 04c1bd41673649380b91c3f60ed9e19b -> 
  custom:scripting/monoscript/fileName/WallJumpModule.cs: 0f7e216d39f46c8b674e770d4df50c9a -> 
  custom:video-decoder-webm-vp8: 9c59270c3fd7afecdb556c50c9e8de78 -> 
  custom:scripting/monoscript/fileName/WorldTurner.cs: 383c3688b2998144513ebf0720a29312 -> 
  custom:scripting/monoscript/fileName/WallStickModule.cs: 097d6f97893dee74b5e6eee384d8fe77 -> 
  custom:scripting/monoscript/fileName/SprintModule.cs: bec7db87e4fa080775bdb79bc911e405 -> 
  custom:scripting/monoscript/fileName/CharacterEditorWindow.cs: 77e63e53add5afcdef4414c0855ec12f -> 
  custom:scripting/monoscript/fileName/OnWallSlideParticleSpawner.cs: be7222916ef9881869f6ac374a787dbc -> 
  custom:scripting/monoscript/fileName/CCGroundedInfo.cs: 6217517238b66294deda0f77cd68f6b5 -> 
  custom:scripting/precompiled-assembly-types:Assembly-CSharp-Editor: f3855aab1afae39cf4dc52db6ad51bc7 -> 
  custom:container-demuxer-webm: 4f35f7cbe854078d1ac9338744f61a02 -> 
  custom:scripting/monoscript/fileName/ControlledCapsuleCollider.cs: eba3c65f46c645a7ad9bf877b21ed51e -> 
  custom:scripting/monoscript/fileName/DoubleJumpModule.cs: 26f68b7f0d161bc94d269a6887b89879 -> 
  custom:scripting/monoscript/fileName/CharacterAbilityEditor.cs: ab1c68253dd5d3b8fbc464e183c3d30e -> 
  custom:scripting/monoscript/fileName/GroundedAnimatedAbilityModule.cs: b2370e47f701ee97b06ec554e515f157 -> 
  custom:scripting/monoscript/fileName/OnRunParticleSpawner.cs: 503c6829686d7df11ad999c83520603c -> 
  custom:scripting/monoscript/fileName/AbilityModule.cs: 446f07c747bc1cb2ab90e6af6801c32f -> 
  custom:scripting/monoscript/fileName/AbilityUnlockTrigger.cs: 246330f290e9ae4781dd36eaefab5acf -> 
  custom:scripting/monoscript/fileName/CCEdgeCastInfo.cs: 5d8212492c75242dbd46d98742ec7d28 -> 
  custom:scripting/monoscript/fileName/SpriteAnimator.cs: 887e4776fa3349e5885c3d33cf14e4a5 -> 
  custom:scripting/monoscript/fileName/RespawnPointSetter.cs: e37b54b5cf7bf54cb5e91b293312e847 -> 
  custom:scripting/monoscript/fileName/AbilityUnlockList.cs: b01ff0e009e220367c60280ecf9649d7 -> 
  custom:scripting/monoscript/fileName/CCSideCastInfo.cs: 8f55989fb19f684f21195a2918a0d3e8 -> 
  custom:scripting/monoscript/fileName/AbilityModuleManager.cs: 6f2d77074ecf0924e46239a0752e52a5 -> 
  custom:scripting/monoscript/fileName/EdgeJumpModule.cs: 25ec067027c7678c09511c89fc3ffc0e -> 
  custom:scripting/monoscript/fileName/RunnerDemoBalancer.cs: 1945bce5ce1b409a68b1050a0bb3017e -> 
  custom:scripting/monoscript/fileName/CapsuleCollision.cs: 1c723b263046d3123054f5c4f4a9afd0 -> 
  custom:scripting/monoscript/fileName/DropDownModule.cs: 05b682bf51f34d2e31b4e9496f09d86b -> 
  custom:scripting/monoscript/fileName/Net.cs: ebce2a2232b14f1312a97353a86dae7b -> 
  custom:scripting/monoscript/fileName/GizmoM.cs: 6e59ae57850dc22e9b0c819b76a519c7 -> 
  custom:scripting/monoscript/fileName/AutoRunnerJumpOverride.cs: ea917b5ec367b8e4bc4ff2d874e717f7 -> 
  custom:scripting/monoscript/fileName/JetpackVisuals.cs: ba6d54c009126e5f3631c268461c812e -> 
  custom:SearchIndexIgnoredProperties: e643bd26f0fe6173181afceb89e7c659 -> 
  custom:scripting/monoscript/fileName/UIDirectionInputOverride.cs: d1598b9e40132f1fbce867cba84a0fff -> 
  custom:scripting/monoscript/fileName/DirectionInput.cs: bc6e2bcb5873f04a28ab78a8ef2f7048 -> 
  custom:scripting/monoscript/fileName/AbilitySlotDrawer.cs: 1ba6b7112a4add08e85737d001fc7d12 -> 
  custom:scripting/monoscript/fileName/WallSlidingModule.cs: 5490b857657684b8da276013aaffbec5 -> 
  custom:scripting/monoscript/fileName/Mover.cs: da1c610bce1da6a0ba9c04e30a318aa0 -> 
  custom:scripting/monoscript/fileName/CapsuleColliderState.cs: 84387e6df0098cb916160482ef8a5f7c -> 
  custom:scripting/monoscript/fileName/GameController.cs: b39d91587c2553fd886ac9cec92f1e80 -> 
  custom:scripting/monoscript/fileName/SwimModule.cs: d5b6201a3a6701660c3f69623ee20615 -> 
  custom:scripting/monoscript/fileName/OnJumpParticleSpawner.cs: 7819fc4c82b970259cda28f47cc16b26 -> 
  custom:scripting/monoscript/fileName/DashModule.cs: 0faee5ec0b002c162b6c2111d651b87e -> 
  custom:scripting/monoscript/fileName/DeathTrigger.cs: 782cbd0926ca9c4975f0956763cb70a0 -> 
  custom:scripting/monoscript/fileName/BasicCharacterEditor.cs: 0ed3cc021d1036dee9de9dd3a4093c4e -> 
  custom:scripting/monoscript/fileName/Ladder.cs: f7d63c4f37c4ffa854a8da87b364da24 -> 
  custom:scripting/monoscript/fileName/Rotator.cs: 8d1c63393acfe743b0e9b2fdd36433f3 -> 
  custom:container-muxer-webm: aa71ff27fc2769a1b78a27578f13a17b -> 
  custom:scripting/monoscript/fileName/NetClimbModule.cs: 1b2a8bab17817545fc449c3d59856f69 -> 
  custom:scripting/monoscript/fileName/RunnerDemoPathMover.cs: 66fd5a2588ee18ae621c32d99d57daeb -> 
  custom:scripting/monoscript/fileName/RunnerDemoMover.cs: 95c2bef34a9c3d0373d36a85cf321039 -> 
  custom:scripting/monoscript/fileName/CharacterControllerBase.cs: 0b96362a5507c80f454d210232b680b7 -> 
  custom:video-codec-MediaFoundation-h265: 746d11721c4dcdbdad8f713fa42b33f4 -> 
  custom:scripting/monoscript/fileName/WallRunModule.cs: 2fed6c4194c93584779f9629bed58925 -> 
  custom:scripting/monoscript/fileName/GroundedControllerAbilityModule.cs: cc42e21515a9717a3d678ea6509b1a35 -> 
  custom:scripting/monoscript/fileName/ZiplineModule.cs: f6148b8cf0122150a3ace3513c3d572e -> 
  custom:scripting/monoscript/fileName/CapsuleParameters.cs: 90647cc400823b41df847a6cbfc29026 -> 
  custom:scripting/monoscript/fileName/PlaneTeleportTrigger.cs: e1907319f419fcc16d3dd8e9f5273d24 -> 
  custom:scripting/monoscript/fileName/DashArrow.cs: 9fc6686c446bb9e267dac7810ae0d0e2 -> 
  custom:scripting/monoscript/fileName/OneWayPlatform.cs: 7521d25e75ebd15b7b29db4020b8ac83 -> 
  custom:scripting/monoscript/fileName/BasicCameraTracker.cs: 01f368a25d31c7285eab19049f0fb38a -> 
  custom:scripting/monoscript/fileName/OnCollisionParticleSpawner.cs: 7a04b6e1f842e965f8781ee3a81b377b -> 
  custom:scripting/monoscript/fileName/WorldTurnTrigger.cs: 1b3ea3d014f140fbe11ca5439737ae5f -> 
  custom:scripting/monoscript/fileName/ButtonInput.cs: 673c9aa832b5d31d095f2488284ff3a4 -> 
  custom:scripting/monoscript/fileName/JetpackModule.cs: fd6552d5319aaba55c701d12e451c3aa -> 
  custom:container-demuxer-ogg: 62fdf1f143b41e24485cea50d1cbac27 -> 
  custom:scripting/monoscript/fileName/SlidingModule.cs: 6b98789f0cf48a88a41bf80d745c1b59 -> 
  custom:scripting/monoscript/fileName/AnimatedMover.cs: 2312c0296a452120eb075c9f06a7918f -> 
  custom:scripting/monoscript/fileName/CapsuleMovementPath.cs: b5ead2e8820e0218f886fdbb8aa599fa -> 
  custom:scripting/monoscript/fileName/CharacterFixEditor.cs: ea52dec9abc944942f5f2a1b7676ed0f -> 
  custom:scripting/monoscript/fileName/CapsuleTransform.cs: 767739bdf368d44b98f3ccff58275150 -> 
  custom:scripting/monoscript/fileName/ColliderState.cs: 1da11ee080a0329a399466574649d4e6 -> 
  custom:audio-decoder-ogg-vorbis: bf7c407c2cedff20999df2af8eb42d56 -> 
  custom:scripting/monoscript/fileName/LevelTransition.cs: 3779290c0723d51f6b742e0e6d352167 -> 
  custom:scripting/monoscript/fileName/CrouchingModule.cs: fce4aaba4e0aca3599427c4ea8694c95 -> 
  custom:scripting/monoscript/fileName/PositionRecorder.cs: 1c63b9f596415547ca67550baa697d76 -> 
  custom:AudioImporter_EditorPlatform: d09bf68614088b80899f8185d706f6e7 -> 
  custom:scripting/monoscript/fileName/MovementStateText.cs: 9cf7049c7aad7115fe7f0cb90408f8de -> 
  custom:scripting/monoscript/fileName/PositionReplayer.cs: 12a87c2e43d7b92c52b9f642e17e5f03 -> 
  custom:scripting/monoscript/fileName/HoverCharacterController.cs: 77dc1c51235ba37c10fae49871d69b5d -> 
  custom:scripting/monoscript/fileName/Zipline.cs: db6d1ab1d569280e39153d88037b8431 -> 
  custom:video-decoder-ogg-theora: a1e56fd34408186e4bbccfd4996cb3dc -> 
  custom:scripting/monoscript/fileName/CapsuleMovementPathNode.cs: 01395307c1c9a52a5605cfc14a822173 -> 
  custom:scripting/monoscript/fileName/CapsuleVolumeIntegrity.cs: cc192d9ec6b84de39423f77aaea60fbf -> 
  custom:scripting/precompiled-assembly-types:Assembly-CSharp: 7344e0aa479e26437a3f8d55798a5fc1 -> 
  custom:scripting/monoscript/fileName/ModeShow.cs: f6c371260d842df543789961567bd0a7 -> 
  custom:CustomObjectIndexerAttribute: 9a22284fe3817be447336de3de66b15e -> 
  custom:framework-win-MediaFoundation: 216162199b28c13a410421893ffa2e32 -> 
  custom:scripting/monoscript/fileName/CharacterMovingColliderEditor.cs: 40f3683e829fbf94d86698339c05067c -> 
  custom:scripting/monoscript/fileName/ControlledCollider.cs: e808d20bad2b5f9755eae9c6361f99c6 -> 
  custom:scripting/monoscript/fileName/LevelStartAbilityLock.cs: 6900be139ba6a58efaa99759127aa098 -> 
  custom:scripting/monoscript/fileName/EditorHelp.cs: 332e1cbc7254df351892e69f053ba8f4 -> 
  custom:scripting/monoscript/fileName/LadderClimbModule.cs: 05af460fe561c1bf806c98564529c8b4 -> 
  custom:scripting/monoscript/fileName/InputPropertyDrawer.cs: d001dc8e2c5c2ba58ed5b0ad2acdd7d5 -> 
  custom:scripting/monoscript/fileName/FixedUpdateRenderInterpolator.cs: ab46c2289fa36b9338f0352a6b078c77 -> 
  custom:scripting/monoscript/fileName/CharacterInputEditor.cs: aaa8b652f42eccf4fac16680e4b4c910 -> 
  custom:scripting/monoscript/fileName/PlayerInput.cs: 593afd13dce9ea6f043a6fe213c456f9 -> 
  custom:scripting/monoscript/fileName/CapsuleMovingColliderSolver.cs: 5cf21f960f34db86226170e5f721b9c5 -> 
